args.seed :  0
args.device :  cuda:3
args.train:  True
args.infer:  False
args.file_path:  /home/emforce77/TabFormer-main/modular_regression/multiple_scenario_data_fin2.xml
Data dimension: 300, Max sequence length: 30, num_intent : 7
expanded_train_data_num 9663
expanded_val_data_num 2040
expanded_test_data_num 2050
Data Split Over
col_dim 5 region_len 60 sequence_len 30 num_classes 445
Filtered data count: 111
train_loader
create_model
The model has 2,995,955 trainable parameters
trainer
Epoch [1/300], Loss: 403.5130, Val Loss: 369.3407, MAE: 8.3931, RMSE: 19.1785, Non-zero MAE: 26.3597, Non-zero RMSE: 40.4386, Sequence Accuracy: 0.5265, Non-zero Accuracy: 0.0164, Intent Accuracy: 0.1407
Epoch [2/300], Loss: 382.8588, Val Loss: 369.1232, MAE: 8.3666, RMSE: 19.1715, Non-zero MAE: 26.4037, Non-zero RMSE: 40.4145, Sequence Accuracy: 0.5263, Non-zero Accuracy: 0.0158, Intent Accuracy: 0.1328
Epoch [3/300], Loss: 382.7408, Val Loss: 369.1477, MAE: 8.3123, RMSE: 19.1728, Non-zero MAE: 26.5755, Non-zero RMSE: 40.5386, Sequence Accuracy: 0.5260, Non-zero Accuracy: 0.0142, Intent Accuracy: 0.1328
Epoch [4/300], Loss: 381.9128, Val Loss: 369.1877, MAE: 8.3991, RMSE: 19.1745, Non-zero MAE: 26.3270, Non-zero RMSE: 40.3702, Sequence Accuracy: 0.5265, Non-zero Accuracy: 0.0166, Intent Accuracy: 0.1328
Epoch [5/300], Loss: 383.4519, Val Loss: 369.1913, MAE: 8.3472, RMSE: 19.1737, Non-zero MAE: 26.4925, Non-zero RMSE: 40.4975, Sequence Accuracy: 0.5263, Non-zero Accuracy: 0.0154, Intent Accuracy: 0.1328
Epoch [6/300], Loss: 382.9824, Val Loss: 369.1882, MAE: 8.4089, RMSE: 19.1736, Non-zero MAE: 26.2923, Non-zero RMSE: 40.3532, Sequence Accuracy: 0.5265, Non-zero Accuracy: 0.0164, Intent Accuracy: 0.1407
Epoch [7/300], Loss: 382.6276, Val Loss: 369.1478, MAE: 8.3824, RMSE: 19.1726, Non-zero MAE: 26.3662, Non-zero RMSE: 40.4100, Sequence Accuracy: 0.5264, Non-zero Accuracy: 0.0163, Intent Accuracy: 0.1328
Epoch [8/300], Loss: 382.6457, Val Loss: 369.1856, MAE: 8.3802, RMSE: 19.1728, Non-zero MAE: 26.3889, Non-zero RMSE: 40.4136, Sequence Accuracy: 0.5264, Non-zero Accuracy: 0.0162, Intent Accuracy: 0.1569
Epoch [9/300], Loss: 383.0200, Val Loss: 369.0953, MAE: 8.4927, RMSE: 19.1694, Non-zero MAE: 26.0297, Non-zero RMSE: 40.1001, Sequence Accuracy: 0.5243, Non-zero Accuracy: 0.0168, Intent Accuracy: 0.1343
Epoch [10/300], Loss: 378.1944, Val Loss: 358.4195, MAE: 8.3970, RMSE: 18.8994, Non-zero MAE: 25.4273, Non-zero RMSE: 39.5782, Sequence Accuracy: 0.5106, Non-zero Accuracy: 0.0172, Intent Accuracy: 0.2613
Epoch [11/300], Loss: 355.3878, Val Loss: 343.1994, MAE: 8.0139, RMSE: 18.5032, Non-zero MAE: 25.4676, Non-zero RMSE: 39.2714, Sequence Accuracy: 0.4917, Non-zero Accuracy: 0.0139, Intent Accuracy: 0.4412
Epoch [12/300], Loss: 339.4684, Val Loss: 327.3548, MAE: 7.9725, RMSE: 18.0730, Non-zero MAE: 24.2627, Non-zero RMSE: 37.9837, Sequence Accuracy: 0.4740, Non-zero Accuracy: 0.0165, Intent Accuracy: 0.3951
Epoch [13/300], Loss: 314.3139, Val Loss: 312.6990, MAE: 7.6469, RMSE: 17.6639, Non-zero MAE: 24.0222, Non-zero RMSE: 37.3315, Sequence Accuracy: 0.4747, Non-zero Accuracy: 0.0143, Intent Accuracy: 0.4534
Epoch [14/300], Loss: 298.0990, Val Loss: 300.7848, MAE: 7.5255, RMSE: 17.3252, Non-zero MAE: 23.5322, Non-zero RMSE: 36.5046, Sequence Accuracy: 0.4743, Non-zero Accuracy: 0.0127, Intent Accuracy: 0.5005
Epoch [15/300], Loss: 285.8063, Val Loss: 292.7577, MAE: 7.4538, RMSE: 17.0922, Non-zero MAE: 23.1254, Non-zero RMSE: 35.8596, Sequence Accuracy: 0.4752, Non-zero Accuracy: 0.0127, Intent Accuracy: 0.5098
Epoch [16/300], Loss: 277.2757, Val Loss: 286.9919, MAE: 7.3283, RMSE: 16.9255, Non-zero MAE: 22.9329, Non-zero RMSE: 35.4921, Sequence Accuracy: 0.4752, Non-zero Accuracy: 0.0133, Intent Accuracy: 0.5510
Epoch [17/300], Loss: 272.4905, Val Loss: 281.1372, MAE: 7.2846, RMSE: 16.7508, Non-zero MAE: 22.6858, Non-zero RMSE: 35.0571, Sequence Accuracy: 0.4762, Non-zero Accuracy: 0.0130, Intent Accuracy: 0.5569
Epoch [18/300], Loss: 268.0732, Val Loss: 278.3708, MAE: 7.0534, RMSE: 16.6697, Non-zero MAE: 22.9676, Non-zero RMSE: 35.2496, Sequence Accuracy: 0.4777, Non-zero Accuracy: 0.0124, Intent Accuracy: 0.6186
Epoch [19/300], Loss: 264.4239, Val Loss: 273.2920, MAE: 7.1730, RMSE: 16.5183, Non-zero MAE: 22.3986, Non-zero RMSE: 34.6096, Sequence Accuracy: 0.4774, Non-zero Accuracy: 0.0130, Intent Accuracy: 0.6652
Epoch [20/300], Loss: 257.6442, Val Loss: 268.5382, MAE: 7.0479, RMSE: 16.3738, Non-zero MAE: 22.2294, Non-zero RMSE: 34.3521, Sequence Accuracy: 0.4760, Non-zero Accuracy: 0.0137, Intent Accuracy: 0.6093
Epoch [21/300], Loss: 248.1347, Val Loss: 261.4837, MAE: 7.0852, RMSE: 16.1601, Non-zero MAE: 21.7523, Non-zero RMSE: 33.7261, Sequence Accuracy: 0.4731, Non-zero Accuracy: 0.0143, Intent Accuracy: 0.6593
Epoch [22/300], Loss: 237.8816, Val Loss: 249.6587, MAE: 6.9019, RMSE: 15.7951, Non-zero MAE: 21.5649, Non-zero RMSE: 33.1383, Sequence Accuracy: 0.4674, Non-zero Accuracy: 0.0130, Intent Accuracy: 0.8078
Epoch [23/300], Loss: 230.6818, Val Loss: 245.8957, MAE: 6.6668, RMSE: 15.6779, Non-zero MAE: 21.7713, Non-zero RMSE: 33.1309, Sequence Accuracy: 0.4658, Non-zero Accuracy: 0.0115, Intent Accuracy: 0.7789
Epoch [24/300], Loss: 224.0349, Val Loss: 241.3018, MAE: 6.7065, RMSE: 15.5303, Non-zero MAE: 21.4265, Non-zero RMSE: 32.6244, Sequence Accuracy: 0.4656, Non-zero Accuracy: 0.0124, Intent Accuracy: 0.7583
Epoch [25/300], Loss: 220.3992, Val Loss: 238.5143, MAE: 6.6127, RMSE: 15.4426, Non-zero MAE: 21.5179, Non-zero RMSE: 32.5512, Sequence Accuracy: 0.4658, Non-zero Accuracy: 0.0117, Intent Accuracy: 0.7863
Epoch [26/300], Loss: 218.0478, Val Loss: 234.3320, MAE: 6.6152, RMSE: 15.3083, Non-zero MAE: 21.2953, Non-zero RMSE: 32.2622, Sequence Accuracy: 0.4635, Non-zero Accuracy: 0.0120, Intent Accuracy: 0.8167
Epoch [27/300], Loss: 216.2998, Val Loss: 232.5790, MAE: 6.5038, RMSE: 15.2497, Non-zero MAE: 21.3952, Non-zero RMSE: 32.2647, Sequence Accuracy: 0.4650, Non-zero Accuracy: 0.0114, Intent Accuracy: 0.8152
Epoch [28/300], Loss: 213.5809, Val Loss: 228.9732, MAE: 6.6803, RMSE: 15.1326, Non-zero MAE: 20.8152, Non-zero RMSE: 31.6411, Sequence Accuracy: 0.4607, Non-zero Accuracy: 0.0127, Intent Accuracy: 0.8142
Epoch [29/300], Loss: 210.1405, Val Loss: 226.5364, MAE: 6.5523, RMSE: 15.0519, Non-zero MAE: 20.8383, Non-zero RMSE: 31.5843, Sequence Accuracy: 0.4600, Non-zero Accuracy: 0.0127, Intent Accuracy: 0.8348
Epoch [30/300], Loss: 207.7405, Val Loss: 223.9936, MAE: 6.5918, RMSE: 14.9673, Non-zero MAE: 20.6292, Non-zero RMSE: 31.2720, Sequence Accuracy: 0.4599, Non-zero Accuracy: 0.0122, Intent Accuracy: 0.8172
Epoch [31/300], Loss: 204.7562, Val Loss: 217.9995, MAE: 6.3682, RMSE: 14.7657, Non-zero MAE: 20.6768, Non-zero RMSE: 31.0274, Sequence Accuracy: 0.4568, Non-zero Accuracy: 0.0116, Intent Accuracy: 0.8279
Epoch [32/300], Loss: 195.1734, Val Loss: 212.2326, MAE: 6.3164, RMSE: 14.5685, Non-zero MAE: 20.4526, Non-zero RMSE: 30.5677, Sequence Accuracy: 0.4607, Non-zero Accuracy: 0.0113, Intent Accuracy: 0.8397
Epoch [33/300], Loss: 192.8215, Val Loss: 209.4382, MAE: 6.2910, RMSE: 14.4727, Non-zero MAE: 20.4373, Non-zero RMSE: 30.4074, Sequence Accuracy: 0.4583, Non-zero Accuracy: 0.0111, Intent Accuracy: 0.8304
Epoch [34/300], Loss: 190.8912, Val Loss: 207.8332, MAE: 6.3379, RMSE: 14.4176, Non-zero MAE: 20.1834, Non-zero RMSE: 30.1273, Sequence Accuracy: 0.4582, Non-zero Accuracy: 0.0120, Intent Accuracy: 0.8471
Epoch [35/300], Loss: 190.4675, Val Loss: 205.0899, MAE: 6.2207, RMSE: 14.3218, Non-zero MAE: 20.3806, Non-zero RMSE: 30.1981, Sequence Accuracy: 0.4581, Non-zero Accuracy: 0.0112, Intent Accuracy: 0.8490
Epoch [36/300], Loss: 187.9410, Val Loss: 203.7708, MAE: 6.3132, RMSE: 14.2759, Non-zero MAE: 20.0559, Non-zero RMSE: 29.8639, Sequence Accuracy: 0.4579, Non-zero Accuracy: 0.0114, Intent Accuracy: 0.8471
Epoch [37/300], Loss: 187.4013, Val Loss: 202.0809, MAE: 6.4137, RMSE: 14.2166, Non-zero MAE: 19.8858, Non-zero RMSE: 29.6341, Sequence Accuracy: 0.4576, Non-zero Accuracy: 0.0120, Intent Accuracy: 0.8539
Epoch [38/300], Loss: 186.3395, Val Loss: 202.9332, MAE: 6.0721, RMSE: 14.2468, Non-zero MAE: 20.3930, Non-zero RMSE: 30.0594, Sequence Accuracy: 0.4625, Non-zero Accuracy: 0.0105, Intent Accuracy: 0.8510
Epoch [39/300], Loss: 186.4907, Val Loss: 201.1441, MAE: 6.1532, RMSE: 14.1823, Non-zero MAE: 20.2126, Non-zero RMSE: 29.8746, Sequence Accuracy: 0.4604, Non-zero Accuracy: 0.0108, Intent Accuracy: 0.8412
Epoch [40/300], Loss: 185.9894, Val Loss: 200.6851, MAE: 6.1768, RMSE: 14.1669, Non-zero MAE: 20.1244, Non-zero RMSE: 29.7070, Sequence Accuracy: 0.4600, Non-zero Accuracy: 0.0107, Intent Accuracy: 0.8382
Epoch [41/300], Loss: 185.7340, Val Loss: 198.7320, MAE: 6.1928, RMSE: 14.0980, Non-zero MAE: 20.0960, Non-zero RMSE: 29.6285, Sequence Accuracy: 0.4574, Non-zero Accuracy: 0.0108, Intent Accuracy: 0.8569
Epoch [42/300], Loss: 185.4556, Val Loss: 199.5023, MAE: 6.0981, RMSE: 14.1249, Non-zero MAE: 20.1849, Non-zero RMSE: 29.7040, Sequence Accuracy: 0.4586, Non-zero Accuracy: 0.0104, Intent Accuracy: 0.8412
Epoch [43/300], Loss: 184.5933, Val Loss: 198.2928, MAE: 6.0504, RMSE: 14.0829, Non-zero MAE: 20.2256, Non-zero RMSE: 29.7117, Sequence Accuracy: 0.4619, Non-zero Accuracy: 0.0104, Intent Accuracy: 0.8789
Epoch [44/300], Loss: 184.2733, Val Loss: 197.4600, MAE: 6.1388, RMSE: 14.0527, Non-zero MAE: 20.0160, Non-zero RMSE: 29.4907, Sequence Accuracy: 0.4610, Non-zero Accuracy: 0.0113, Intent Accuracy: 0.8495
Epoch [45/300], Loss: 183.8075, Val Loss: 196.5276, MAE: 6.1895, RMSE: 14.0196, Non-zero MAE: 19.8815, Non-zero RMSE: 29.3478, Sequence Accuracy: 0.4575, Non-zero Accuracy: 0.0113, Intent Accuracy: 0.8574
Epoch [46/300], Loss: 182.8639, Val Loss: 195.5243, MAE: 6.1181, RMSE: 13.9840, Non-zero MAE: 20.0007, Non-zero RMSE: 29.3905, Sequence Accuracy: 0.4570, Non-zero Accuracy: 0.0108, Intent Accuracy: 0.8520
Epoch [47/300], Loss: 183.5286, Val Loss: 196.2996, MAE: 5.9965, RMSE: 14.0119, Non-zero MAE: 20.2319, Non-zero RMSE: 29.5156, Sequence Accuracy: 0.4646, Non-zero Accuracy: 0.0093, Intent Accuracy: 0.8480
Epoch [48/300], Loss: 182.2015, Val Loss: 197.2142, MAE: 5.9886, RMSE: 14.0435, Non-zero MAE: 20.2290, Non-zero RMSE: 29.5596, Sequence Accuracy: 0.4772, Non-zero Accuracy: 0.0101, Intent Accuracy: 0.8431
Epoch [49/300], Loss: 181.9851, Val Loss: 195.0503, MAE: 6.2284, RMSE: 13.9668, Non-zero MAE: 19.7092, Non-zero RMSE: 29.0470, Sequence Accuracy: 0.4574, Non-zero Accuracy: 0.0109, Intent Accuracy: 0.8534
Epoch [50/300], Loss: 182.1400, Val Loss: 193.4270, MAE: 6.1365, RMSE: 13.9080, Non-zero MAE: 19.8904, Non-zero RMSE: 29.1770, Sequence Accuracy: 0.4571, Non-zero Accuracy: 0.0111, Intent Accuracy: 0.8456
Epoch [51/300], Loss: 182.0164, Val Loss: 193.6699, MAE: 6.0165, RMSE: 13.9173, Non-zero MAE: 20.0753, Non-zero RMSE: 29.3335, Sequence Accuracy: 0.4596, Non-zero Accuracy: 0.0100, Intent Accuracy: 0.8466
Epoch [52/300], Loss: 181.4205, Val Loss: 192.9635, MAE: 6.1085, RMSE: 13.8921, Non-zero MAE: 19.9049, Non-zero RMSE: 29.1758, Sequence Accuracy: 0.4593, Non-zero Accuracy: 0.0106, Intent Accuracy: 0.8824
Epoch [53/300], Loss: 181.5911, Val Loss: 192.9346, MAE: 6.1413, RMSE: 13.8904, Non-zero MAE: 19.7868, Non-zero RMSE: 29.0503, Sequence Accuracy: 0.4613, Non-zero Accuracy: 0.0114, Intent Accuracy: 0.8574
Epoch [54/300], Loss: 181.3640, Val Loss: 193.1588, MAE: 6.1773, RMSE: 13.8979, Non-zero MAE: 19.7578, Non-zero RMSE: 28.9666, Sequence Accuracy: 0.4575, Non-zero Accuracy: 0.0108, Intent Accuracy: 0.8569
Epoch [55/300], Loss: 182.2665, Val Loss: 191.8683, MAE: 6.0707, RMSE: 13.8517, Non-zero MAE: 19.8914, Non-zero RMSE: 29.0954, Sequence Accuracy: 0.4570, Non-zero Accuracy: 0.0109, Intent Accuracy: 0.8598
Epoch [56/300], Loss: 181.4915, Val Loss: 193.2453, MAE: 5.9544, RMSE: 13.9018, Non-zero MAE: 20.0267, Non-zero RMSE: 29.2105, Sequence Accuracy: 0.4865, Non-zero Accuracy: 0.0099, Intent Accuracy: 0.8539
Epoch [57/300], Loss: 180.6272, Val Loss: 192.3156, MAE: 6.0023, RMSE: 13.8679, Non-zero MAE: 19.9851, Non-zero RMSE: 29.1145, Sequence Accuracy: 0.4674, Non-zero Accuracy: 0.0103, Intent Accuracy: 0.8539
Epoch [58/300], Loss: 181.3837, Val Loss: 190.5238, MAE: 6.1729, RMSE: 13.8027, Non-zero MAE: 19.7537, Non-zero RMSE: 28.9390, Sequence Accuracy: 0.4569, Non-zero Accuracy: 0.0115, Intent Accuracy: 0.8632
Epoch [59/300], Loss: 180.5922, Val Loss: 191.9653, MAE: 5.9754, RMSE: 13.8555, Non-zero MAE: 19.9731, Non-zero RMSE: 29.0970, Sequence Accuracy: 0.4744, Non-zero Accuracy: 0.0107, Intent Accuracy: 0.8544
Epoch [60/300], Loss: 179.8871, Val Loss: 192.6693, MAE: 6.0478, RMSE: 13.8803, Non-zero MAE: 19.8708, Non-zero RMSE: 28.9661, Sequence Accuracy: 0.4703, Non-zero Accuracy: 0.0102, Intent Accuracy: 0.8451
Epoch [61/300], Loss: 180.6044, Val Loss: 191.7835, MAE: 5.9619, RMSE: 13.8492, Non-zero MAE: 19.9800, Non-zero RMSE: 29.0305, Sequence Accuracy: 0.4777, Non-zero Accuracy: 0.0101, Intent Accuracy: 0.8510
Epoch [62/300], Loss: 179.6858, Val Loss: 190.9739, MAE: 5.9987, RMSE: 13.8204, Non-zero MAE: 19.8876, Non-zero RMSE: 28.9380, Sequence Accuracy: 0.4694, Non-zero Accuracy: 0.0101, Intent Accuracy: 0.8647
Epoch [63/300], Loss: 179.9984, Val Loss: 189.8904, MAE: 5.9938, RMSE: 13.7808, Non-zero MAE: 19.9331, Non-zero RMSE: 29.0597, Sequence Accuracy: 0.4602, Non-zero Accuracy: 0.0107, Intent Accuracy: 0.8569
Epoch [64/300], Loss: 179.7159, Val Loss: 191.2760, MAE: 5.9879, RMSE: 13.8311, Non-zero MAE: 19.8656, Non-zero RMSE: 28.9317, Sequence Accuracy: 0.4853, Non-zero Accuracy: 0.0104, Intent Accuracy: 0.8593
Epoch [65/300], Loss: 180.0983, Val Loss: 191.3029, MAE: 5.9803, RMSE: 13.8311, Non-zero MAE: 19.9069, Non-zero RMSE: 28.9282, Sequence Accuracy: 0.4884, Non-zero Accuracy: 0.0101, Intent Accuracy: 0.8598
Epoch [66/300], Loss: 179.7836, Val Loss: 189.8996, MAE: 5.9672, RMSE: 13.7806, Non-zero MAE: 19.8434, Non-zero RMSE: 28.8965, Sequence Accuracy: 0.4830, Non-zero Accuracy: 0.0105, Intent Accuracy: 0.8554
Epoch [67/300], Loss: 179.5513, Val Loss: 190.4788, MAE: 5.9897, RMSE: 13.8009, Non-zero MAE: 19.8643, Non-zero RMSE: 28.8538, Sequence Accuracy: 0.4795, Non-zero Accuracy: 0.0098, Intent Accuracy: 0.8578
Epoch [68/300], Loss: 179.6905, Val Loss: 188.4082, MAE: 5.9980, RMSE: 13.7260, Non-zero MAE: 19.9101, Non-zero RMSE: 28.8263, Sequence Accuracy: 0.4589, Non-zero Accuracy: 0.0098, Intent Accuracy: 0.8466
Epoch [69/300], Loss: 179.5846, Val Loss: 188.6086, MAE: 5.9531, RMSE: 13.7329, Non-zero MAE: 19.9443, Non-zero RMSE: 28.9153, Sequence Accuracy: 0.4628, Non-zero Accuracy: 0.0106, Intent Accuracy: 0.8569
Epoch [70/300], Loss: 179.5857, Val Loss: 189.1357, MAE: 5.9912, RMSE: 13.7526, Non-zero MAE: 19.8694, Non-zero RMSE: 28.8020, Sequence Accuracy: 0.4668, Non-zero Accuracy: 0.0104, Intent Accuracy: 0.8642
Epoch [71/300], Loss: 179.3252, Val Loss: 188.2706, MAE: 6.1285, RMSE: 13.7217, Non-zero MAE: 19.5868, Non-zero RMSE: 28.5410, Sequence Accuracy: 0.4568, Non-zero Accuracy: 0.0107, Intent Accuracy: 0.8598
Epoch [72/300], Loss: 179.2258, Val Loss: 188.7377, MAE: 5.8739, RMSE: 13.7389, Non-zero MAE: 19.9899, Non-zero RMSE: 28.9266, Sequence Accuracy: 0.5035, Non-zero Accuracy: 0.0106, Intent Accuracy: 0.8520
Epoch [73/300], Loss: 179.6184, Val Loss: 187.9334, MAE: 6.0661, RMSE: 13.7087, Non-zero MAE: 19.6441, Non-zero RMSE: 28.5938, Sequence Accuracy: 0.4581, Non-zero Accuracy: 0.0107, Intent Accuracy: 0.8569
Epoch [74/300], Loss: 179.0641, Val Loss: 186.8494, MAE: 6.1034, RMSE: 13.6691, Non-zero MAE: 19.6413, Non-zero RMSE: 28.5486, Sequence Accuracy: 0.4592, Non-zero Accuracy: 0.0105, Intent Accuracy: 0.8529
Epoch [75/300], Loss: 179.0624, Val Loss: 188.8713, MAE: 5.9502, RMSE: 13.7427, Non-zero MAE: 19.8419, Non-zero RMSE: 28.7318, Sequence Accuracy: 0.4848, Non-zero Accuracy: 0.0100, Intent Accuracy: 0.8559
Epoch [76/300], Loss: 179.0068, Val Loss: 186.8253, MAE: 6.0818, RMSE: 13.6674, Non-zero MAE: 19.6520, Non-zero RMSE: 28.6180, Sequence Accuracy: 0.4574, Non-zero Accuracy: 0.0114, Intent Accuracy: 0.8588
Epoch [77/300], Loss: 178.4498, Val Loss: 187.0281, MAE: 5.9526, RMSE: 13.6761, Non-zero MAE: 19.8570, Non-zero RMSE: 28.7609, Sequence Accuracy: 0.4647, Non-zero Accuracy: 0.0104, Intent Accuracy: 0.8569
Epoch [78/300], Loss: 178.9833, Val Loss: 186.6621, MAE: 6.0005, RMSE: 13.6628, Non-zero MAE: 19.7664, Non-zero RMSE: 28.6778, Sequence Accuracy: 0.4593, Non-zero Accuracy: 0.0110, Intent Accuracy: 0.8574
Epoch [79/300], Loss: 178.9992, Val Loss: 186.4074, MAE: 6.0502, RMSE: 13.6531, Non-zero MAE: 19.6771, Non-zero RMSE: 28.5352, Sequence Accuracy: 0.4562, Non-zero Accuracy: 0.0102, Intent Accuracy: 0.8574
Epoch [80/300], Loss: 178.6931, Val Loss: 187.3609, MAE: 5.8881, RMSE: 13.6894, Non-zero MAE: 19.9037, Non-zero RMSE: 28.7782, Sequence Accuracy: 0.5083, Non-zero Accuracy: 0.0108, Intent Accuracy: 0.8578
Epoch [81/300], Loss: 178.4490, Val Loss: 186.3589, MAE: 5.9602, RMSE: 13.6511, Non-zero MAE: 19.7718, Non-zero RMSE: 28.6293, Sequence Accuracy: 0.4654, Non-zero Accuracy: 0.0102, Intent Accuracy: 0.8578
Epoch [82/300], Loss: 177.5821, Val Loss: 187.2723, MAE: 5.8480, RMSE: 13.6853, Non-zero MAE: 19.9623, Non-zero RMSE: 28.7921, Sequence Accuracy: 0.5150, Non-zero Accuracy: 0.0098, Intent Accuracy: 0.8525
Epoch [83/300], Loss: 178.4345, Val Loss: 187.0275, MAE: 5.9592, RMSE: 13.6760, Non-zero MAE: 19.7301, Non-zero RMSE: 28.5727, Sequence Accuracy: 0.4914, Non-zero Accuracy: 0.0104, Intent Accuracy: 0.8804
Epoch [84/300], Loss: 178.5866, Val Loss: 186.3030, MAE: 5.9281, RMSE: 13.6500, Non-zero MAE: 19.8384, Non-zero RMSE: 28.6609, Sequence Accuracy: 0.4671, Non-zero Accuracy: 0.0102, Intent Accuracy: 0.8833
Epoch [85/300], Loss: 177.9039, Val Loss: 187.2535, MAE: 5.8585, RMSE: 13.6847, Non-zero MAE: 19.9588, Non-zero RMSE: 28.7412, Sequence Accuracy: 0.5150, Non-zero Accuracy: 0.0101, Intent Accuracy: 0.8529
Epoch [86/300], Loss: 178.5651, Val Loss: 185.4272, MAE: 6.1503, RMSE: 13.6169, Non-zero MAE: 19.4663, Non-zero RMSE: 28.3853, Sequence Accuracy: 0.4559, Non-zero Accuracy: 0.0118, Intent Accuracy: 0.8569
Epoch [87/300], Loss: 177.8374, Val Loss: 186.0421, MAE: 5.8992, RMSE: 13.6393, Non-zero MAE: 19.9093, Non-zero RMSE: 28.7459, Sequence Accuracy: 0.4704, Non-zero Accuracy: 0.0106, Intent Accuracy: 0.8515
Epoch [88/300], Loss: 177.9054, Val Loss: 185.1721, MAE: 5.9995, RMSE: 13.6073, Non-zero MAE: 19.7268, Non-zero RMSE: 28.5051, Sequence Accuracy: 0.4586, Non-zero Accuracy: 0.0101, Intent Accuracy: 0.8578
Epoch [89/300], Loss: 177.5644, Val Loss: 187.2436, MAE: 5.8025, RMSE: 13.6837, Non-zero MAE: 20.0292, Non-zero RMSE: 28.8314, Sequence Accuracy: 0.5364, Non-zero Accuracy: 0.0099, Intent Accuracy: 0.8510
Epoch [90/300], Loss: 177.7145, Val Loss: 186.9888, MAE: 5.8732, RMSE: 13.6744, Non-zero MAE: 19.8556, Non-zero RMSE: 28.6234, Sequence Accuracy: 0.5268, Non-zero Accuracy: 0.0097, Intent Accuracy: 0.8520
Epoch [91/300], Loss: 178.0999, Val Loss: 184.9383, MAE: 5.9490, RMSE: 13.5997, Non-zero MAE: 19.7430, Non-zero RMSE: 28.5537, Sequence Accuracy: 0.4611, Non-zero Accuracy: 0.0105, Intent Accuracy: 0.8578
Epoch [92/300], Loss: 177.6692, Val Loss: 185.5411, MAE: 5.9066, RMSE: 13.6217, Non-zero MAE: 19.7890, Non-zero RMSE: 28.5334, Sequence Accuracy: 0.4850, Non-zero Accuracy: 0.0104, Intent Accuracy: 0.8525
Epoch [93/300], Loss: 177.8070, Val Loss: 185.0055, MAE: 5.9917, RMSE: 13.6018, Non-zero MAE: 19.6922, Non-zero RMSE: 28.4836, Sequence Accuracy: 0.4610, Non-zero Accuracy: 0.0104, Intent Accuracy: 0.8833
Epoch [94/300], Loss: 177.8772, Val Loss: 184.3771, MAE: 6.0047, RMSE: 13.5783, Non-zero MAE: 19.6545, Non-zero RMSE: 28.4326, Sequence Accuracy: 0.4610, Non-zero Accuracy: 0.0105, Intent Accuracy: 0.8520
Epoch [95/300], Loss: 178.0839, Val Loss: 185.3005, MAE: 5.9236, RMSE: 13.6114, Non-zero MAE: 19.7446, Non-zero RMSE: 28.4914, Sequence Accuracy: 0.4833, Non-zero Accuracy: 0.0106, Intent Accuracy: 0.8642
Epoch [96/300], Loss: 177.1866, Val Loss: 184.3558, MAE: 6.0760, RMSE: 13.5775, Non-zero MAE: 19.4909, Non-zero RMSE: 28.2462, Sequence Accuracy: 0.4597, Non-zero Accuracy: 0.0110, Intent Accuracy: 0.8529
Epoch [97/300], Loss: 177.5601, Val Loss: 184.4577, MAE: 5.9792, RMSE: 13.5809, Non-zero MAE: 19.6598, Non-zero RMSE: 28.4346, Sequence Accuracy: 0.4635, Non-zero Accuracy: 0.0101, Intent Accuracy: 0.8525
Epoch [98/300], Loss: 176.8023, Val Loss: 186.3731, MAE: 6.0052, RMSE: 13.6521, Non-zero MAE: 19.6014, Non-zero RMSE: 28.3837, Sequence Accuracy: 0.4872, Non-zero Accuracy: 0.0108, Intent Accuracy: 0.8569
Epoch [99/300], Loss: 176.5789, Val Loss: 184.8310, MAE: 6.0043, RMSE: 13.5952, Non-zero MAE: 19.4718, Non-zero RMSE: 28.3038, Sequence Accuracy: 0.4782, Non-zero Accuracy: 0.0108, Intent Accuracy: 0.8569
Epoch [100/300], Loss: 177.3900, Val Loss: 183.6975, MAE: 6.0175, RMSE: 13.5525, Non-zero MAE: 19.6086, Non-zero RMSE: 28.3680, Sequence Accuracy: 0.4587, Non-zero Accuracy: 0.0110, Intent Accuracy: 0.8569
Epoch [101/300], Loss: 177.0807, Val Loss: 185.3272, MAE: 5.8149, RMSE: 13.6134, Non-zero MAE: 19.9087, Non-zero RMSE: 28.6610, Sequence Accuracy: 0.5353, Non-zero Accuracy: 0.0099, Intent Accuracy: 0.8833
Epoch [102/300], Loss: 177.0557, Val Loss: 184.6602, MAE: 5.9357, RMSE: 13.5887, Non-zero MAE: 19.6773, Non-zero RMSE: 28.3812, Sequence Accuracy: 0.4871, Non-zero Accuracy: 0.0105, Intent Accuracy: 0.8520
Epoch [103/300], Loss: 176.5962, Val Loss: 184.7148, MAE: 5.9254, RMSE: 13.5907, Non-zero MAE: 19.8045, Non-zero RMSE: 28.4684, Sequence Accuracy: 0.4704, Non-zero Accuracy: 0.0102, Intent Accuracy: 0.8843
Epoch [104/300], Loss: 176.3601, Val Loss: 184.8697, MAE: 5.8773, RMSE: 13.5978, Non-zero MAE: 19.7908, Non-zero RMSE: 28.4752, Sequence Accuracy: 0.5088, Non-zero Accuracy: 0.0104, Intent Accuracy: 0.8569
Epoch [105/300], Loss: 177.4764, Val Loss: 184.3649, MAE: 5.8975, RMSE: 13.5778, Non-zero MAE: 19.8012, Non-zero RMSE: 28.4433, Sequence Accuracy: 0.4846, Non-zero Accuracy: 0.0097, Intent Accuracy: 0.8838
Epoch [106/300], Loss: 177.3004, Val Loss: 185.5265, MAE: 5.9757, RMSE: 13.6205, Non-zero MAE: 19.6683, Non-zero RMSE: 28.3485, Sequence Accuracy: 0.4841, Non-zero Accuracy: 0.0101, Intent Accuracy: 0.8554
Epoch [107/300], Loss: 177.2903, Val Loss: 184.1103, MAE: 5.9956, RMSE: 13.5681, Non-zero MAE: 19.5830, Non-zero RMSE: 28.2853, Sequence Accuracy: 0.4671, Non-zero Accuracy: 0.0106, Intent Accuracy: 0.8578
Epoch [108/300], Loss: 176.9015, Val Loss: 184.5515, MAE: 5.8456, RMSE: 13.5845, Non-zero MAE: 19.8186, Non-zero RMSE: 28.4905, Sequence Accuracy: 0.5242, Non-zero Accuracy: 0.0102, Intent Accuracy: 0.8588
Epoch [109/300], Loss: 176.9018, Val Loss: 184.4256, MAE: 5.8707, RMSE: 13.5805, Non-zero MAE: 19.7427, Non-zero RMSE: 28.4426, Sequence Accuracy: 0.5243, Non-zero Accuracy: 0.0103, Intent Accuracy: 0.8578
Epoch [110/300], Loss: 176.7875, Val Loss: 185.1528, MAE: 5.8640, RMSE: 13.6067, Non-zero MAE: 19.7821, Non-zero RMSE: 28.4687, Sequence Accuracy: 0.5357, Non-zero Accuracy: 0.0097, Intent Accuracy: 0.8824
Epoch [111/300], Loss: 176.8646, Val Loss: 183.3575, MAE: 5.9147, RMSE: 13.5405, Non-zero MAE: 19.7115, Non-zero RMSE: 28.3806, Sequence Accuracy: 0.4717, Non-zero Accuracy: 0.0103, Intent Accuracy: 0.8578
Epoch [112/300], Loss: 177.5714, Val Loss: 183.2361, MAE: 6.0097, RMSE: 13.5359, Non-zero MAE: 19.5736, Non-zero RMSE: 28.1957, Sequence Accuracy: 0.4592, Non-zero Accuracy: 0.0104, Intent Accuracy: 0.8578
Epoch [113/300], Loss: 176.2090, Val Loss: 182.9568, MAE: 5.9981, RMSE: 13.5257, Non-zero MAE: 19.5617, Non-zero RMSE: 28.2103, Sequence Accuracy: 0.4637, Non-zero Accuracy: 0.0108, Intent Accuracy: 0.8520
Epoch [114/300], Loss: 177.1498, Val Loss: 184.1604, MAE: 5.8265, RMSE: 13.5706, Non-zero MAE: 19.8545, Non-zero RMSE: 28.5213, Sequence Accuracy: 0.5261, Non-zero Accuracy: 0.0101, Intent Accuracy: 0.8520
Epoch [115/300], Loss: 176.7115, Val Loss: 183.4186, MAE: 5.9009, RMSE: 13.5429, Non-zero MAE: 19.6949, Non-zero RMSE: 28.3580, Sequence Accuracy: 0.4829, Non-zero Accuracy: 0.0101, Intent Accuracy: 0.8520
Epoch [116/300], Loss: 176.0738, Val Loss: 184.8359, MAE: 5.8412, RMSE: 13.5947, Non-zero MAE: 19.8461, Non-zero RMSE: 28.5207, Sequence Accuracy: 0.5355, Non-zero Accuracy: 0.0101, Intent Accuracy: 0.8569
Epoch [117/300], Loss: 176.4104, Val Loss: 183.0632, MAE: 5.9784, RMSE: 13.5304, Non-zero MAE: 19.6201, Non-zero RMSE: 28.3581, Sequence Accuracy: 0.4607, Non-zero Accuracy: 0.0110, Intent Accuracy: 0.8647
Epoch [118/300], Loss: 176.6893, Val Loss: 183.8680, MAE: 5.8968, RMSE: 13.5606, Non-zero MAE: 19.6376, Non-zero RMSE: 28.3270, Sequence Accuracy: 0.5253, Non-zero Accuracy: 0.0102, Intent Accuracy: 0.8647
Epoch [119/300], Loss: 176.1069, Val Loss: 183.6673, MAE: 5.9126, RMSE: 13.5521, Non-zero MAE: 19.6832, Non-zero RMSE: 28.3270, Sequence Accuracy: 0.4898, Non-zero Accuracy: 0.0105, Intent Accuracy: 0.8529
Epoch [120/300], Loss: 176.2731, Val Loss: 182.9021, MAE: 5.9567, RMSE: 13.5248, Non-zero MAE: 19.6191, Non-zero RMSE: 28.2675, Sequence Accuracy: 0.4659, Non-zero Accuracy: 0.0109, Intent Accuracy: 0.8525
Epoch [121/300], Loss: 176.9194, Val Loss: 184.1070, MAE: 5.8426, RMSE: 13.5681, Non-zero MAE: 19.8149, Non-zero RMSE: 28.4670, Sequence Accuracy: 0.5264, Non-zero Accuracy: 0.0103, Intent Accuracy: 0.8578
Epoch [122/300], Loss: 176.5748, Val Loss: 183.3919, MAE: 5.8663, RMSE: 13.5421, Non-zero MAE: 19.7615, Non-zero RMSE: 28.3456, Sequence Accuracy: 0.4976, Non-zero Accuracy: 0.0101, Intent Accuracy: 0.8578
Epoch [123/300], Loss: 176.9741, Val Loss: 183.1202, MAE: 5.9589, RMSE: 13.5314, Non-zero MAE: 19.5534, Non-zero RMSE: 28.2360, Sequence Accuracy: 0.4766, Non-zero Accuracy: 0.0105, Intent Accuracy: 0.8574
Epoch [124/300], Loss: 176.6375, Val Loss: 182.7644, MAE: 6.1267, RMSE: 13.5186, Non-zero MAE: 19.3606, Non-zero RMSE: 27.9949, Sequence Accuracy: 0.4539, Non-zero Accuracy: 0.0106, Intent Accuracy: 0.8574
Epoch [125/300], Loss: 176.1065, Val Loss: 182.8258, MAE: 5.9244, RMSE: 13.5208, Non-zero MAE: 19.5978, Non-zero RMSE: 28.2945, Sequence Accuracy: 0.4808, Non-zero Accuracy: 0.0106, Intent Accuracy: 0.8838
Epoch [126/300], Loss: 175.8291, Val Loss: 182.3979, MAE: 5.9253, RMSE: 13.5043, Non-zero MAE: 19.6245, Non-zero RMSE: 28.2858, Sequence Accuracy: 0.4687, Non-zero Accuracy: 0.0107, Intent Accuracy: 0.8578
Epoch [127/300], Loss: 176.2615, Val Loss: 181.7455, MAE: 6.1370, RMSE: 13.4811, Non-zero MAE: 19.3993, Non-zero RMSE: 28.0509, Sequence Accuracy: 0.4540, Non-zero Accuracy: 0.0107, Intent Accuracy: 0.8574
Epoch [128/300], Loss: 176.2627, Val Loss: 182.6439, MAE: 5.9050, RMSE: 13.5138, Non-zero MAE: 19.6523, Non-zero RMSE: 28.2600, Sequence Accuracy: 0.4879, Non-zero Accuracy: 0.0102, Intent Accuracy: 0.8490
Epoch [129/300], Loss: 175.4809, Val Loss: 182.4832, MAE: 6.0282, RMSE: 13.5075, Non-zero MAE: 19.4123, Non-zero RMSE: 28.0604, Sequence Accuracy: 0.4617, Non-zero Accuracy: 0.0101, Intent Accuracy: 0.8569
Epoch [130/300], Loss: 175.9699, Val Loss: 182.8620, MAE: 5.8951, RMSE: 13.5228, Non-zero MAE: 19.6303, Non-zero RMSE: 28.2707, Sequence Accuracy: 0.5134, Non-zero Accuracy: 0.0107, Intent Accuracy: 0.8529
Epoch [131/300], Loss: 176.4470, Val Loss: 183.2244, MAE: 5.8364, RMSE: 13.5353, Non-zero MAE: 19.8003, Non-zero RMSE: 28.3860, Sequence Accuracy: 0.5200, Non-zero Accuracy: 0.0102, Intent Accuracy: 0.8525
Epoch [132/300], Loss: 176.3134, Val Loss: 181.6469, MAE: 6.0759, RMSE: 13.4768, Non-zero MAE: 19.4231, Non-zero RMSE: 28.0263, Sequence Accuracy: 0.4526, Non-zero Accuracy: 0.0108, Intent Accuracy: 0.8574
Epoch [133/300], Loss: 176.0397, Val Loss: 182.5781, MAE: 5.8905, RMSE: 13.5118, Non-zero MAE: 19.6272, Non-zero RMSE: 28.2188, Sequence Accuracy: 0.5061, Non-zero Accuracy: 0.0106, Intent Accuracy: 0.8520
Epoch [134/300], Loss: 175.7993, Val Loss: 181.9039, MAE: 5.9284, RMSE: 13.4857, Non-zero MAE: 19.5777, Non-zero RMSE: 28.1779, Sequence Accuracy: 0.4747, Non-zero Accuracy: 0.0106, Intent Accuracy: 0.8819
Epoch [135/300], Loss: 175.4305, Val Loss: 182.1725, MAE: 5.8755, RMSE: 13.4970, Non-zero MAE: 19.6681, Non-zero RMSE: 28.2612, Sequence Accuracy: 0.5051, Non-zero Accuracy: 0.0105, Intent Accuracy: 0.8569
Epoch [136/300], Loss: 175.1920, Val Loss: 181.6890, MAE: 5.9076, RMSE: 13.4783, Non-zero MAE: 19.6062, Non-zero RMSE: 28.2071, Sequence Accuracy: 0.4746, Non-zero Accuracy: 0.0105, Intent Accuracy: 0.8833
Epoch [137/300], Loss: 175.4571, Val Loss: 181.9124, MAE: 5.9414, RMSE: 13.4862, Non-zero MAE: 19.5004, Non-zero RMSE: 28.1730, Sequence Accuracy: 0.4801, Non-zero Accuracy: 0.0107, Intent Accuracy: 0.8525
Epoch [138/300], Loss: 175.8125, Val Loss: 181.4001, MAE: 5.9557, RMSE: 13.4680, Non-zero MAE: 19.5444, Non-zero RMSE: 28.1498, Sequence Accuracy: 0.4586, Non-zero Accuracy: 0.0104, Intent Accuracy: 0.8574
Epoch [139/300], Loss: 176.1692, Val Loss: 181.9264, MAE: 6.0076, RMSE: 13.4876, Non-zero MAE: 19.4599, Non-zero RMSE: 28.0805, Sequence Accuracy: 0.4593, Non-zero Accuracy: 0.0104, Intent Accuracy: 0.8529
Epoch [140/300], Loss: 175.5867, Val Loss: 182.5626, MAE: 5.9188, RMSE: 13.5109, Non-zero MAE: 19.6174, Non-zero RMSE: 28.2432, Sequence Accuracy: 0.4865, Non-zero Accuracy: 0.0105, Intent Accuracy: 0.8520
Epoch [141/300], Loss: 175.1401, Val Loss: 182.2056, MAE: 5.9016, RMSE: 13.4976, Non-zero MAE: 19.6269, Non-zero RMSE: 28.1818, Sequence Accuracy: 0.4982, Non-zero Accuracy: 0.0102, Intent Accuracy: 0.8520
Epoch [142/300], Loss: 175.7474, Val Loss: 182.2283, MAE: 5.8971, RMSE: 13.4985, Non-zero MAE: 19.5958, Non-zero RMSE: 28.2090, Sequence Accuracy: 0.5093, Non-zero Accuracy: 0.0106, Intent Accuracy: 0.8574
Epoch [143/300], Loss: 175.9719, Val Loss: 182.2476, MAE: 5.8561, RMSE: 13.4999, Non-zero MAE: 19.6799, Non-zero RMSE: 28.2437, Sequence Accuracy: 0.5211, Non-zero Accuracy: 0.0101, Intent Accuracy: 0.8520
Epoch [144/300], Loss: 175.6728, Val Loss: 182.7207, MAE: 5.8415, RMSE: 13.5166, Non-zero MAE: 19.7292, Non-zero RMSE: 28.2988, Sequence Accuracy: 0.5320, Non-zero Accuracy: 0.0103, Intent Accuracy: 0.8520
Epoch [145/300], Loss: 175.0507, Val Loss: 181.1297, MAE: 5.9959, RMSE: 13.4576, Non-zero MAE: 19.4520, Non-zero RMSE: 28.0609, Sequence Accuracy: 0.4545, Non-zero Accuracy: 0.0108, Intent Accuracy: 0.8569
Epoch [146/300], Loss: 175.3259, Val Loss: 184.1652, MAE: 5.9065, RMSE: 13.5703, Non-zero MAE: 19.6696, Non-zero RMSE: 28.2315, Sequence Accuracy: 0.5315, Non-zero Accuracy: 0.0103, Intent Accuracy: 0.8578
Epoch [147/300], Loss: 175.2917, Val Loss: 181.5869, MAE: 5.9131, RMSE: 13.4741, Non-zero MAE: 19.6082, Non-zero RMSE: 28.1845, Sequence Accuracy: 0.4712, Non-zero Accuracy: 0.0107, Intent Accuracy: 0.8569
Epoch [148/300], Loss: 175.6311, Val Loss: 181.4780, MAE: 5.8962, RMSE: 13.4707, Non-zero MAE: 19.5471, Non-zero RMSE: 28.1299, Sequence Accuracy: 0.5007, Non-zero Accuracy: 0.0105, Intent Accuracy: 0.8574
Epoch [149/300], Loss: 175.3107, Val Loss: 180.8287, MAE: 6.0900, RMSE: 13.4463, Non-zero MAE: 19.4378, Non-zero RMSE: 28.0182, Sequence Accuracy: 0.4535, Non-zero Accuracy: 0.0106, Intent Accuracy: 0.8525
Epoch [150/300], Loss: 175.1353, Val Loss: 180.8317, MAE: 6.0834, RMSE: 13.4465, Non-zero MAE: 19.3438, Non-zero RMSE: 27.9439, Sequence Accuracy: 0.4570, Non-zero Accuracy: 0.0110, Intent Accuracy: 0.8520
Epoch [151/300], Loss: 175.1832, Val Loss: 181.8219, MAE: 5.8594, RMSE: 13.4836, Non-zero MAE: 19.6408, Non-zero RMSE: 28.2287, Sequence Accuracy: 0.5205, Non-zero Accuracy: 0.0107, Intent Accuracy: 0.8574
Epoch [152/300], Loss: 175.2963, Val Loss: 181.4394, MAE: 5.9836, RMSE: 13.4692, Non-zero MAE: 19.4974, Non-zero RMSE: 28.0710, Sequence Accuracy: 0.4673, Non-zero Accuracy: 0.0103, Intent Accuracy: 0.8593
Epoch [153/300], Loss: 175.0732, Val Loss: 180.6083, MAE: 5.9841, RMSE: 13.4385, Non-zero MAE: 19.5053, Non-zero RMSE: 28.0962, Sequence Accuracy: 0.4599, Non-zero Accuracy: 0.0106, Intent Accuracy: 0.8525
Epoch [154/300], Loss: 175.0565, Val Loss: 180.5363, MAE: 6.0364, RMSE: 13.4356, Non-zero MAE: 19.4299, Non-zero RMSE: 27.9778, Sequence Accuracy: 0.4584, Non-zero Accuracy: 0.0108, Intent Accuracy: 0.8529
Epoch [155/300], Loss: 175.6140, Val Loss: 182.2966, MAE: 5.8066, RMSE: 13.5010, Non-zero MAE: 19.8475, Non-zero RMSE: 28.3530, Sequence Accuracy: 0.5315, Non-zero Accuracy: 0.0098, Intent Accuracy: 0.8569
Epoch [156/300], Loss: 174.8266, Val Loss: 180.7882, MAE: 5.9210, RMSE: 13.4443, Non-zero MAE: 19.5505, Non-zero RMSE: 28.1030, Sequence Accuracy: 0.4702, Non-zero Accuracy: 0.0103, Intent Accuracy: 0.8525
Epoch [157/300], Loss: 175.0047, Val Loss: 181.4920, MAE: 5.8706, RMSE: 13.4715, Non-zero MAE: 19.7048, Non-zero RMSE: 28.1899, Sequence Accuracy: 0.4952, Non-zero Accuracy: 0.0104, Intent Accuracy: 0.8569
Epoch [158/300], Loss: 175.0483, Val Loss: 181.5256, MAE: 5.8813, RMSE: 13.4720, Non-zero MAE: 19.6006, Non-zero RMSE: 28.1234, Sequence Accuracy: 0.5170, Non-zero Accuracy: 0.0103, Intent Accuracy: 0.8569
Epoch [159/300], Loss: 175.0855, Val Loss: 181.8009, MAE: 5.8539, RMSE: 13.4827, Non-zero MAE: 19.5896, Non-zero RMSE: 28.2616, Sequence Accuracy: 0.5289, Non-zero Accuracy: 0.0107, Intent Accuracy: 0.8569
Epoch [160/300], Loss: 175.1249, Val Loss: 182.0397, MAE: 5.7804, RMSE: 13.4916, Non-zero MAE: 19.8530, Non-zero RMSE: 28.3823, Sequence Accuracy: 0.5327, Non-zero Accuracy: 0.0101, Intent Accuracy: 0.8520
Epoch [161/300], Loss: 175.2566, Val Loss: 181.5008, MAE: 5.9198, RMSE: 13.4719, Non-zero MAE: 19.5158, Non-zero RMSE: 28.0705, Sequence Accuracy: 0.4998, Non-zero Accuracy: 0.0108, Intent Accuracy: 0.8520
Epoch [162/300], Loss: 175.5242, Val Loss: 181.3579, MAE: 5.8841, RMSE: 13.4659, Non-zero MAE: 19.6626, Non-zero RMSE: 28.2018, Sequence Accuracy: 0.4814, Non-zero Accuracy: 0.0101, Intent Accuracy: 0.8574
Epoch [163/300], Loss: 175.2810, Val Loss: 180.9039, MAE: 5.9098, RMSE: 13.4490, Non-zero MAE: 19.5851, Non-zero RMSE: 28.1442, Sequence Accuracy: 0.4720, Non-zero Accuracy: 0.0101, Intent Accuracy: 0.8525
Epoch [164/300], Loss: 174.6590, Val Loss: 180.7093, MAE: 5.9281, RMSE: 13.4414, Non-zero MAE: 19.4954, Non-zero RMSE: 28.0693, Sequence Accuracy: 0.4746, Non-zero Accuracy: 0.0104, Intent Accuracy: 0.8525
Epoch [165/300], Loss: 174.7385, Val Loss: 180.8662, MAE: 5.9083, RMSE: 13.4480, Non-zero MAE: 19.5311, Non-zero RMSE: 28.0270, Sequence Accuracy: 0.4957, Non-zero Accuracy: 0.0103, Intent Accuracy: 0.8529
Epoch [166/300], Loss: 174.9202, Val Loss: 180.3410, MAE: 5.9545, RMSE: 13.4276, Non-zero MAE: 19.4844, Non-zero RMSE: 28.0354, Sequence Accuracy: 0.4608, Non-zero Accuracy: 0.0105, Intent Accuracy: 0.8838
Epoch [167/300], Loss: 175.1577, Val Loss: 180.8829, MAE: 5.9706, RMSE: 13.4484, Non-zero MAE: 19.4292, Non-zero RMSE: 27.9877, Sequence Accuracy: 0.4740, Non-zero Accuracy: 0.0104, Intent Accuracy: 0.8833
Epoch [168/300], Loss: 174.3670, Val Loss: 181.2163, MAE: 5.8440, RMSE: 13.4614, Non-zero MAE: 19.6459, Non-zero RMSE: 28.2501, Sequence Accuracy: 0.5167, Non-zero Accuracy: 0.0108, Intent Accuracy: 0.8574
Epoch [169/300], Loss: 174.5026, Val Loss: 180.6936, MAE: 5.8756, RMSE: 13.4416, Non-zero MAE: 19.5461, Non-zero RMSE: 28.0766, Sequence Accuracy: 0.5134, Non-zero Accuracy: 0.0101, Intent Accuracy: 0.8525
Epoch [170/300], Loss: 175.0727, Val Loss: 180.6322, MAE: 5.8665, RMSE: 13.4395, Non-zero MAE: 19.6001, Non-zero RMSE: 28.1055, Sequence Accuracy: 0.5066, Non-zero Accuracy: 0.0106, Intent Accuracy: 0.8525
Epoch [171/300], Loss: 174.9189, Val Loss: 180.8015, MAE: 5.8209, RMSE: 13.4457, Non-zero MAE: 19.7285, Non-zero RMSE: 28.1867, Sequence Accuracy: 0.5243, Non-zero Accuracy: 0.0103, Intent Accuracy: 0.8525
Epoch [172/300], Loss: 174.4826, Val Loss: 180.0079, MAE: 5.9994, RMSE: 13.4157, Non-zero MAE: 19.4299, Non-zero RMSE: 27.9305, Sequence Accuracy: 0.4580, Non-zero Accuracy: 0.0108, Intent Accuracy: 0.8525
Epoch [173/300], Loss: 174.4191, Val Loss: 180.7194, MAE: 5.9136, RMSE: 13.4422, Non-zero MAE: 19.5541, Non-zero RMSE: 28.0312, Sequence Accuracy: 0.4868, Non-zero Accuracy: 0.0101, Intent Accuracy: 0.8525
Epoch [174/300], Loss: 174.8481, Val Loss: 180.4924, MAE: 5.8793, RMSE: 13.4339, Non-zero MAE: 19.5971, Non-zero RMSE: 28.1081, Sequence Accuracy: 0.4912, Non-zero Accuracy: 0.0103, Intent Accuracy: 0.8525
Epoch [175/300], Loss: 175.5802, Val Loss: 181.0621, MAE: 5.8877, RMSE: 13.4556, Non-zero MAE: 19.5561, Non-zero RMSE: 28.0827, Sequence Accuracy: 0.5044, Non-zero Accuracy: 0.0099, Intent Accuracy: 0.8564
Epoch [176/300], Loss: 174.7962, Val Loss: 180.3126, MAE: 5.9352, RMSE: 13.4267, Non-zero MAE: 19.4600, Non-zero RMSE: 28.0197, Sequence Accuracy: 0.4681, Non-zero Accuracy: 0.0104, Intent Accuracy: 0.8520
Epoch [177/300], Loss: 174.4803, Val Loss: 180.6143, MAE: 5.8402, RMSE: 13.4392, Non-zero MAE: 19.6109, Non-zero RMSE: 28.1050, Sequence Accuracy: 0.5242, Non-zero Accuracy: 0.0103, Intent Accuracy: 0.8569
Epoch [178/300], Loss: 174.1501, Val Loss: 179.8140, MAE: 5.9866, RMSE: 13.4085, Non-zero MAE: 19.4601, Non-zero RMSE: 27.9687, Sequence Accuracy: 0.4588, Non-zero Accuracy: 0.0100, Intent Accuracy: 0.8520
Epoch [179/300], Loss: 174.7842, Val Loss: 180.7965, MAE: 5.9550, RMSE: 13.4450, Non-zero MAE: 19.4522, Non-zero RMSE: 27.9401, Sequence Accuracy: 0.4800, Non-zero Accuracy: 0.0106, Intent Accuracy: 0.8564
Epoch [180/300], Loss: 173.9096, Val Loss: 180.5665, MAE: 5.8242, RMSE: 13.4371, Non-zero MAE: 19.6964, Non-zero RMSE: 28.1769, Sequence Accuracy: 0.5130, Non-zero Accuracy: 0.0103, Intent Accuracy: 0.8525
Epoch [181/300], Loss: 174.9113, Val Loss: 180.5767, MAE: 5.9391, RMSE: 13.4363, Non-zero MAE: 19.5197, Non-zero RMSE: 28.0601, Sequence Accuracy: 0.4623, Non-zero Accuracy: 0.0104, Intent Accuracy: 0.8525
Epoch [182/300], Loss: 174.7123, Val Loss: 181.0813, MAE: 5.8404, RMSE: 13.4572, Non-zero MAE: 19.6945, Non-zero RMSE: 28.1740, Sequence Accuracy: 0.5202, Non-zero Accuracy: 0.0101, Intent Accuracy: 0.8574
Epoch [183/300], Loss: 174.3870, Val Loss: 180.9284, MAE: 5.8638, RMSE: 13.4500, Non-zero MAE: 19.5516, Non-zero RMSE: 28.0855, Sequence Accuracy: 0.5278, Non-zero Accuracy: 0.0107, Intent Accuracy: 0.8574
Epoch [184/300], Loss: 174.4259, Val Loss: 180.1752, MAE: 5.8764, RMSE: 13.4212, Non-zero MAE: 19.6477, Non-zero RMSE: 28.1381, Sequence Accuracy: 0.4677, Non-zero Accuracy: 0.0104, Intent Accuracy: 0.8569
Epoch [185/300], Loss: 174.9300, Val Loss: 179.8536, MAE: 5.9553, RMSE: 13.4107, Non-zero MAE: 19.4486, Non-zero RMSE: 27.9503, Sequence Accuracy: 0.4663, Non-zero Accuracy: 0.0105, Intent Accuracy: 0.8574
Epoch [186/300], Loss: 174.1589, Val Loss: 180.5171, MAE: 5.8326, RMSE: 13.4345, Non-zero MAE: 19.6528, Non-zero RMSE: 28.1774, Sequence Accuracy: 0.5143, Non-zero Accuracy: 0.0103, Intent Accuracy: 0.8520
Epoch [187/300], Loss: 174.0792, Val Loss: 180.3809, MAE: 5.9524, RMSE: 13.4298, Non-zero MAE: 19.4357, Non-zero RMSE: 27.9376, Sequence Accuracy: 0.4746, Non-zero Accuracy: 0.0104, Intent Accuracy: 0.8525
Epoch [188/300], Loss: 174.8050, Val Loss: 180.2786, MAE: 5.9188, RMSE: 13.4259, Non-zero MAE: 19.5268, Non-zero RMSE: 27.9854, Sequence Accuracy: 0.4815, Non-zero Accuracy: 0.0101, Intent Accuracy: 0.8525
Epoch [189/300], Loss: 174.1745, Val Loss: 179.2939, MAE: 5.9946, RMSE: 13.3885, Non-zero MAE: 19.4259, Non-zero RMSE: 27.9062, Sequence Accuracy: 0.4564, Non-zero Accuracy: 0.0105, Intent Accuracy: 0.8529
Epoch [190/300], Loss: 174.4511, Val Loss: 179.5542, MAE: 5.9964, RMSE: 13.3984, Non-zero MAE: 19.3765, Non-zero RMSE: 27.8564, Sequence Accuracy: 0.4583, Non-zero Accuracy: 0.0104, Intent Accuracy: 0.8520
Epoch [191/300], Loss: 173.9933, Val Loss: 179.9129, MAE: 5.9132, RMSE: 13.4126, Non-zero MAE: 19.5153, Non-zero RMSE: 28.0064, Sequence Accuracy: 0.4834, Non-zero Accuracy: 0.0102, Intent Accuracy: 0.8569
Epoch [192/300], Loss: 174.8264, Val Loss: 179.3820, MAE: 6.0316, RMSE: 13.3923, Non-zero MAE: 19.4197, Non-zero RMSE: 27.9235, Sequence Accuracy: 0.4559, Non-zero Accuracy: 0.0103, Intent Accuracy: 0.8838
Epoch [193/300], Loss: 174.5383, Val Loss: 179.7448, MAE: 5.8934, RMSE: 13.4052, Non-zero MAE: 19.5726, Non-zero RMSE: 28.0171, Sequence Accuracy: 0.4750, Non-zero Accuracy: 0.0100, Intent Accuracy: 0.8574
Epoch [194/300], Loss: 174.1436, Val Loss: 179.9793, MAE: 5.8509, RMSE: 13.4156, Non-zero MAE: 19.5953, Non-zero RMSE: 28.0918, Sequence Accuracy: 0.5100, Non-zero Accuracy: 0.0105, Intent Accuracy: 0.8574
Epoch [195/300], Loss: 174.7937, Val Loss: 179.4969, MAE: 6.0241, RMSE: 13.3965, Non-zero MAE: 19.4111, Non-zero RMSE: 27.8225, Sequence Accuracy: 0.4565, Non-zero Accuracy: 0.0105, Intent Accuracy: 0.8525
Epoch [196/300], Loss: 174.5125, Val Loss: 180.1839, MAE: 5.8478, RMSE: 13.4232, Non-zero MAE: 19.5739, Non-zero RMSE: 28.0804, Sequence Accuracy: 0.5246, Non-zero Accuracy: 0.0106, Intent Accuracy: 0.8569
Epoch [197/300], Loss: 173.9946, Val Loss: 179.6896, MAE: 5.9165, RMSE: 13.4035, Non-zero MAE: 19.4785, Non-zero RMSE: 27.9110, Sequence Accuracy: 0.4798, Non-zero Accuracy: 0.0099, Intent Accuracy: 0.8574
Epoch [198/300], Loss: 173.8729, Val Loss: 179.4410, MAE: 5.9263, RMSE: 13.3939, Non-zero MAE: 19.4724, Non-zero RMSE: 27.9527, Sequence Accuracy: 0.4644, Non-zero Accuracy: 0.0109, Intent Accuracy: 0.8574
Epoch [199/300], Loss: 174.0866, Val Loss: 179.6976, MAE: 5.9406, RMSE: 13.4040, Non-zero MAE: 19.4576, Non-zero RMSE: 27.9335, Sequence Accuracy: 0.4682, Non-zero Accuracy: 0.0107, Intent Accuracy: 0.8569
Epoch [200/300], Loss: 174.2211, Val Loss: 180.1992, MAE: 5.8992, RMSE: 13.4226, Non-zero MAE: 19.5552, Non-zero RMSE: 28.0691, Sequence Accuracy: 0.4747, Non-zero Accuracy: 0.0110, Intent Accuracy: 0.8525
Epoch [201/300], Loss: 174.0098, Val Loss: 179.8754, MAE: 5.8955, RMSE: 13.4110, Non-zero MAE: 19.5106, Non-zero RMSE: 28.0122, Sequence Accuracy: 0.4869, Non-zero Accuracy: 0.0107, Intent Accuracy: 0.8520
Epoch [202/300], Loss: 174.3266, Val Loss: 179.3116, MAE: 5.9921, RMSE: 13.3904, Non-zero MAE: 19.3869, Non-zero RMSE: 27.8417, Sequence Accuracy: 0.4560, Non-zero Accuracy: 0.0106, Intent Accuracy: 0.8574
Epoch [203/300], Loss: 173.5062, Val Loss: 180.0705, MAE: 5.8782, RMSE: 13.4177, Non-zero MAE: 19.5478, Non-zero RMSE: 28.0577, Sequence Accuracy: 0.5002, Non-zero Accuracy: 0.0106, Intent Accuracy: 0.8569
Epoch [204/300], Loss: 173.2730, Val Loss: 180.2166, MAE: 5.8745, RMSE: 13.4242, Non-zero MAE: 19.5099, Non-zero RMSE: 28.0009, Sequence Accuracy: 0.5232, Non-zero Accuracy: 0.0106, Intent Accuracy: 0.8569
Epoch [205/300], Loss: 174.0553, Val Loss: 179.6157, MAE: 5.8965, RMSE: 13.4007, Non-zero MAE: 19.5862, Non-zero RMSE: 28.0040, Sequence Accuracy: 0.4740, Non-zero Accuracy: 0.0102, Intent Accuracy: 0.8574
Epoch [206/300], Loss: 173.7669, Val Loss: 179.8086, MAE: 5.8664, RMSE: 13.4077, Non-zero MAE: 19.6060, Non-zero RMSE: 28.0959, Sequence Accuracy: 0.4861, Non-zero Accuracy: 0.0109, Intent Accuracy: 0.8569
Epoch [207/300], Loss: 174.2748, Val Loss: 179.0603, MAE: 5.8618, RMSE: 13.3795, Non-zero MAE: 19.6134, Non-zero RMSE: 28.0361, Sequence Accuracy: 0.4693, Non-zero Accuracy: 0.0106, Intent Accuracy: 0.8525
Epoch [208/300], Loss: 174.2484, Val Loss: 179.4042, MAE: 5.9273, RMSE: 13.3932, Non-zero MAE: 19.4821, Non-zero RMSE: 27.8945, Sequence Accuracy: 0.4668, Non-zero Accuracy: 0.0106, Intent Accuracy: 0.8520
Epoch [209/300], Loss: 173.8193, Val Loss: 179.5707, MAE: 5.9122, RMSE: 13.4000, Non-zero MAE: 19.4668, Non-zero RMSE: 27.9172, Sequence Accuracy: 0.4835, Non-zero Accuracy: 0.0105, Intent Accuracy: 0.8525
Epoch [210/300], Loss: 174.6119, Val Loss: 179.8251, MAE: 5.8822, RMSE: 13.4088, Non-zero MAE: 19.4944, Non-zero RMSE: 27.9891, Sequence Accuracy: 0.5118, Non-zero Accuracy: 0.0110, Intent Accuracy: 0.8525
Epoch [211/300], Loss: 173.9312, Val Loss: 179.1492, MAE: 6.0615, RMSE: 13.3832, Non-zero MAE: 19.3459, Non-zero RMSE: 27.8531, Sequence Accuracy: 0.4532, Non-zero Accuracy: 0.0110, Intent Accuracy: 0.8569
Epoch [212/300], Loss: 173.8378, Val Loss: 179.1189, MAE: 5.8380, RMSE: 13.3824, Non-zero MAE: 19.5632, Non-zero RMSE: 28.0157, Sequence Accuracy: 0.5096, Non-zero Accuracy: 0.0103, Intent Accuracy: 0.8574
Epoch [213/300], Loss: 174.5223, Val Loss: 179.0706, MAE: 5.9268, RMSE: 13.3807, Non-zero MAE: 19.4724, Non-zero RMSE: 27.8925, Sequence Accuracy: 0.4669, Non-zero Accuracy: 0.0104, Intent Accuracy: 0.8574
Epoch [214/300], Loss: 173.7819, Val Loss: 179.0519, MAE: 5.9943, RMSE: 13.3793, Non-zero MAE: 19.3100, Non-zero RMSE: 27.7707, Sequence Accuracy: 0.4606, Non-zero Accuracy: 0.0108, Intent Accuracy: 0.8525
Epoch [215/300], Loss: 174.1009, Val Loss: 179.3623, MAE: 5.9564, RMSE: 13.3918, Non-zero MAE: 19.3888, Non-zero RMSE: 27.8920, Sequence Accuracy: 0.4615, Non-zero Accuracy: 0.0108, Intent Accuracy: 0.8525
Epoch [216/300], Loss: 173.9774, Val Loss: 179.8002, MAE: 5.8686, RMSE: 13.4097, Non-zero MAE: 19.5638, Non-zero RMSE: 27.9696, Sequence Accuracy: 0.5080, Non-zero Accuracy: 0.0101, Intent Accuracy: 0.8574
Epoch [217/300], Loss: 173.7381, Val Loss: 179.2529, MAE: 5.9159, RMSE: 13.3867, Non-zero MAE: 19.4575, Non-zero RMSE: 27.9344, Sequence Accuracy: 0.4761, Non-zero Accuracy: 0.0107, Intent Accuracy: 0.8574
Epoch [218/300], Loss: 173.5465, Val Loss: 180.5124, MAE: 5.8851, RMSE: 13.4339, Non-zero MAE: 19.5107, Non-zero RMSE: 27.9549, Sequence Accuracy: 0.5302, Non-zero Accuracy: 0.0103, Intent Accuracy: 0.8574
Epoch [219/300], Loss: 173.7903, Val Loss: 178.9279, MAE: 5.9311, RMSE: 13.3759, Non-zero MAE: 19.4633, Non-zero RMSE: 27.9114, Sequence Accuracy: 0.4600, Non-zero Accuracy: 0.0105, Intent Accuracy: 0.8574
Epoch [220/300], Loss: 173.9016, Val Loss: 180.0813, MAE: 5.8365, RMSE: 13.4185, Non-zero MAE: 19.6259, Non-zero RMSE: 28.0094, Sequence Accuracy: 0.5282, Non-zero Accuracy: 0.0098, Intent Accuracy: 0.8574
Epoch [221/300], Loss: 173.7404, Val Loss: 179.2618, MAE: 5.9270, RMSE: 13.3879, Non-zero MAE: 19.4597, Non-zero RMSE: 27.8575, Sequence Accuracy: 0.4717, Non-zero Accuracy: 0.0099, Intent Accuracy: 0.8569
Epoch [222/300], Loss: 173.0815, Val Loss: 179.6973, MAE: 5.8491, RMSE: 13.4045, Non-zero MAE: 19.5643, Non-zero RMSE: 28.0322, Sequence Accuracy: 0.5176, Non-zero Accuracy: 0.0099, Intent Accuracy: 0.8569
Epoch [223/300], Loss: 173.5331, Val Loss: 179.9119, MAE: 5.8548, RMSE: 13.4123, Non-zero MAE: 19.6106, Non-zero RMSE: 28.0892, Sequence Accuracy: 0.4938, Non-zero Accuracy: 0.0102, Intent Accuracy: 0.8569
Epoch [224/300], Loss: 174.3068, Val Loss: 179.2050, MAE: 5.8821, RMSE: 13.3869, Non-zero MAE: 19.5198, Non-zero RMSE: 27.9264, Sequence Accuracy: 0.4997, Non-zero Accuracy: 0.0103, Intent Accuracy: 0.8525
Epoch [225/300], Loss: 172.7206, Val Loss: 179.7282, MAE: 5.8849, RMSE: 13.4056, Non-zero MAE: 19.5095, Non-zero RMSE: 27.9449, Sequence Accuracy: 0.5030, Non-zero Accuracy: 0.0100, Intent Accuracy: 0.8574
Epoch [226/300], Loss: 173.5990, Val Loss: 179.0171, MAE: 5.8957, RMSE: 13.3786, Non-zero MAE: 19.4750, Non-zero RMSE: 27.9054, Sequence Accuracy: 0.4845, Non-zero Accuracy: 0.0103, Intent Accuracy: 0.8574
Epoch [227/300], Loss: 173.6877, Val Loss: 178.6552, MAE: 5.8856, RMSE: 13.3646, Non-zero MAE: 19.5750, Non-zero RMSE: 27.9494, Sequence Accuracy: 0.4665, Non-zero Accuracy: 0.0100, Intent Accuracy: 0.8525
Epoch [228/300], Loss: 172.9464, Val Loss: 178.7975, MAE: 5.9939, RMSE: 13.3699, Non-zero MAE: 19.3671, Non-zero RMSE: 27.8145, Sequence Accuracy: 0.4571, Non-zero Accuracy: 0.0108, Intent Accuracy: 0.8525
Epoch [229/300], Loss: 173.1300, Val Loss: 178.9808, MAE: 5.9313, RMSE: 13.3770, Non-zero MAE: 19.3945, Non-zero RMSE: 27.8307, Sequence Accuracy: 0.4762, Non-zero Accuracy: 0.0107, Intent Accuracy: 0.8574
Epoch [230/300], Loss: 173.5896, Val Loss: 179.7007, MAE: 5.8208, RMSE: 13.4051, Non-zero MAE: 19.6419, Non-zero RMSE: 28.0475, Sequence Accuracy: 0.5266, Non-zero Accuracy: 0.0100, Intent Accuracy: 0.8529
Epoch [231/300], Loss: 173.8344, Val Loss: 178.7257, MAE: 5.9522, RMSE: 13.3686, Non-zero MAE: 19.3987, Non-zero RMSE: 27.7936, Sequence Accuracy: 0.4669, Non-zero Accuracy: 0.0106, Intent Accuracy: 0.8574
Epoch [232/300], Loss: 173.3556, Val Loss: 178.9094, MAE: 5.9292, RMSE: 13.3744, Non-zero MAE: 19.4010, Non-zero RMSE: 27.8873, Sequence Accuracy: 0.4765, Non-zero Accuracy: 0.0106, Intent Accuracy: 0.8525
Epoch [233/300], Loss: 173.7655, Val Loss: 178.5381, MAE: 5.8786, RMSE: 13.3600, Non-zero MAE: 19.5235, Non-zero RMSE: 27.9203, Sequence Accuracy: 0.4772, Non-zero Accuracy: 0.0101, Intent Accuracy: 0.8525
Epoch [234/300], Loss: 173.6521, Val Loss: 178.7453, MAE: 5.9205, RMSE: 13.3676, Non-zero MAE: 19.4693, Non-zero RMSE: 27.8739, Sequence Accuracy: 0.4680, Non-zero Accuracy: 0.0105, Intent Accuracy: 0.8525
Epoch [235/300], Loss: 173.0314, Val Loss: 178.4467, MAE: 5.9832, RMSE: 13.3574, Non-zero MAE: 19.3355, Non-zero RMSE: 27.7948, Sequence Accuracy: 0.4570, Non-zero Accuracy: 0.0104, Intent Accuracy: 0.8525
Epoch [236/300], Loss: 173.2852, Val Loss: 178.6334, MAE: 5.9680, RMSE: 13.3644, Non-zero MAE: 19.3489, Non-zero RMSE: 27.7560, Sequence Accuracy: 0.4618, Non-zero Accuracy: 0.0100, Intent Accuracy: 0.8574
Epoch [237/300], Loss: 173.3226, Val Loss: 178.6184, MAE: 5.9212, RMSE: 13.3630, Non-zero MAE: 19.3830, Non-zero RMSE: 27.8010, Sequence Accuracy: 0.4786, Non-zero Accuracy: 0.0103, Intent Accuracy: 0.8569
Epoch [238/300], Loss: 173.2438, Val Loss: 178.8259, MAE: 5.9425, RMSE: 13.3719, Non-zero MAE: 19.3673, Non-zero RMSE: 27.8517, Sequence Accuracy: 0.4679, Non-zero Accuracy: 0.0107, Intent Accuracy: 0.8574
Epoch [239/300], Loss: 173.6751, Val Loss: 178.9733, MAE: 5.8873, RMSE: 13.3775, Non-zero MAE: 19.5915, Non-zero RMSE: 27.9203, Sequence Accuracy: 0.4709, Non-zero Accuracy: 0.0098, Intent Accuracy: 0.8574
Epoch [240/300], Loss: 173.4428, Val Loss: 178.6680, MAE: 5.8774, RMSE: 13.3655, Non-zero MAE: 19.4851, Non-zero RMSE: 27.8940, Sequence Accuracy: 0.4924, Non-zero Accuracy: 0.0104, Intent Accuracy: 0.8525
Epoch [241/300], Loss: 173.3700, Val Loss: 178.3306, MAE: 5.9910, RMSE: 13.3530, Non-zero MAE: 19.3945, Non-zero RMSE: 27.7457, Sequence Accuracy: 0.4536, Non-zero Accuracy: 0.0099, Intent Accuracy: 0.8525
Epoch [242/300], Loss: 173.5335, Val Loss: 178.5904, MAE: 5.9092, RMSE: 13.3625, Non-zero MAE: 19.4410, Non-zero RMSE: 27.8764, Sequence Accuracy: 0.4690, Non-zero Accuracy: 0.0109, Intent Accuracy: 0.8525
Epoch [243/300], Loss: 173.3006, Val Loss: 178.7069, MAE: 5.9620, RMSE: 13.3673, Non-zero MAE: 19.3910, Non-zero RMSE: 27.8135, Sequence Accuracy: 0.4610, Non-zero Accuracy: 0.0108, Intent Accuracy: 0.8520
Epoch [244/300], Loss: 174.2413, Val Loss: 179.2655, MAE: 5.8012, RMSE: 13.3880, Non-zero MAE: 19.6491, Non-zero RMSE: 28.0893, Sequence Accuracy: 0.5266, Non-zero Accuracy: 0.0103, Intent Accuracy: 0.8574
Epoch [245/300], Loss: 173.4463, Val Loss: 178.0235, MAE: 6.0259, RMSE: 13.3407, Non-zero MAE: 19.3407, Non-zero RMSE: 27.7504, Sequence Accuracy: 0.4536, Non-zero Accuracy: 0.0106, Intent Accuracy: 0.8574
Epoch [246/300], Loss: 173.4347, Val Loss: 178.3779, MAE: 5.9607, RMSE: 13.3546, Non-zero MAE: 19.4178, Non-zero RMSE: 27.8364, Sequence Accuracy: 0.4562, Non-zero Accuracy: 0.0108, Intent Accuracy: 0.8525
Epoch [247/300], Loss: 173.5141, Val Loss: 178.6636, MAE: 5.9376, RMSE: 13.3656, Non-zero MAE: 19.3872, Non-zero RMSE: 27.8150, Sequence Accuracy: 0.4743, Non-zero Accuracy: 0.0106, Intent Accuracy: 0.8574
Epoch [248/300], Loss: 173.6748, Val Loss: 178.5258, MAE: 5.8564, RMSE: 13.3603, Non-zero MAE: 19.5633, Non-zero RMSE: 27.9377, Sequence Accuracy: 0.4881, Non-zero Accuracy: 0.0103, Intent Accuracy: 0.8578
Epoch [249/300], Loss: 173.0534, Val Loss: 179.2141, MAE: 5.8155, RMSE: 13.3857, Non-zero MAE: 19.5871, Non-zero RMSE: 28.0503, Sequence Accuracy: 0.5307, Non-zero Accuracy: 0.0103, Intent Accuracy: 0.8574
Epoch [250/300], Loss: 173.1204, Val Loss: 178.5484, MAE: 5.9523, RMSE: 13.3609, Non-zero MAE: 19.3758, Non-zero RMSE: 27.7696, Sequence Accuracy: 0.4611, Non-zero Accuracy: 0.0106, Intent Accuracy: 0.8574
Epoch [251/300], Loss: 173.5821, Val Loss: 178.4904, MAE: 5.8943, RMSE: 13.3585, Non-zero MAE: 19.5249, Non-zero RMSE: 27.9184, Sequence Accuracy: 0.4625, Non-zero Accuracy: 0.0105, Intent Accuracy: 0.8574
Epoch [252/300], Loss: 172.6667, Val Loss: 178.6416, MAE: 5.9931, RMSE: 13.3652, Non-zero MAE: 19.4091, Non-zero RMSE: 27.8736, Sequence Accuracy: 0.4581, Non-zero Accuracy: 0.0107, Intent Accuracy: 0.8574
Epoch [253/300], Loss: 173.0005, Val Loss: 178.2063, MAE: 5.9722, RMSE: 13.3482, Non-zero MAE: 19.3675, Non-zero RMSE: 27.8238, Sequence Accuracy: 0.4572, Non-zero Accuracy: 0.0107, Intent Accuracy: 0.8525
Epoch [254/300], Loss: 173.2009, Val Loss: 178.2191, MAE: 5.9390, RMSE: 13.3490, Non-zero MAE: 19.4150, Non-zero RMSE: 27.8061, Sequence Accuracy: 0.4599, Non-zero Accuracy: 0.0102, Intent Accuracy: 0.8525
Epoch [255/300], Loss: 172.8609, Val Loss: 178.6106, MAE: 5.8731, RMSE: 13.3640, Non-zero MAE: 19.4942, Non-zero RMSE: 27.9196, Sequence Accuracy: 0.4989, Non-zero Accuracy: 0.0106, Intent Accuracy: 0.8574
Epoch [256/300], Loss: 173.0399, Val Loss: 178.3809, MAE: 5.9048, RMSE: 13.3546, Non-zero MAE: 19.4374, Non-zero RMSE: 27.8460, Sequence Accuracy: 0.4752, Non-zero Accuracy: 0.0106, Intent Accuracy: 0.8574
Epoch [257/300], Loss: 173.2751, Val Loss: 178.4179, MAE: 5.9942, RMSE: 13.3560, Non-zero MAE: 19.2841, Non-zero RMSE: 27.7024, Sequence Accuracy: 0.4585, Non-zero Accuracy: 0.0107, Intent Accuracy: 0.8574
Epoch [258/300], Loss: 172.8975, Val Loss: 178.3637, MAE: 5.8904, RMSE: 13.3543, Non-zero MAE: 19.4920, Non-zero RMSE: 27.8765, Sequence Accuracy: 0.4764, Non-zero Accuracy: 0.0105, Intent Accuracy: 0.8529
Epoch [259/300], Loss: 173.1631, Val Loss: 178.2962, MAE: 5.8810, RMSE: 13.3518, Non-zero MAE: 19.4739, Non-zero RMSE: 27.8614, Sequence Accuracy: 0.4871, Non-zero Accuracy: 0.0106, Intent Accuracy: 0.8574
Epoch [260/300], Loss: 172.5738, Val Loss: 179.1563, MAE: 5.8566, RMSE: 13.3839, Non-zero MAE: 19.5455, Non-zero RMSE: 27.9315, Sequence Accuracy: 0.5175, Non-zero Accuracy: 0.0101, Intent Accuracy: 0.8574
Epoch [261/300], Loss: 173.2388, Val Loss: 178.3824, MAE: 5.9165, RMSE: 13.3545, Non-zero MAE: 19.4338, Non-zero RMSE: 27.8287, Sequence Accuracy: 0.4718, Non-zero Accuracy: 0.0105, Intent Accuracy: 0.8574
Epoch [262/300], Loss: 173.1949, Val Loss: 177.9495, MAE: 5.9437, RMSE: 13.3384, Non-zero MAE: 19.3653, Non-zero RMSE: 27.7761, Sequence Accuracy: 0.4586, Non-zero Accuracy: 0.0109, Intent Accuracy: 0.8525
Epoch [263/300], Loss: 172.4411, Val Loss: 178.6674, MAE: 5.8564, RMSE: 13.3669, Non-zero MAE: 19.4968, Non-zero RMSE: 27.9185, Sequence Accuracy: 0.5151, Non-zero Accuracy: 0.0106, Intent Accuracy: 0.8574
Epoch [264/300], Loss: 172.5355, Val Loss: 178.4955, MAE: 5.8703, RMSE: 13.3594, Non-zero MAE: 19.5268, Non-zero RMSE: 27.8832, Sequence Accuracy: 0.4876, Non-zero Accuracy: 0.0101, Intent Accuracy: 0.8574
Epoch [265/300], Loss: 172.4955, Val Loss: 179.6603, MAE: 5.8118, RMSE: 13.4030, Non-zero MAE: 19.6682, Non-zero RMSE: 28.0307, Sequence Accuracy: 0.5309, Non-zero Accuracy: 0.0097, Intent Accuracy: 0.8525
Epoch [266/300], Loss: 172.7966, Val Loss: 178.7361, MAE: 5.8781, RMSE: 13.3684, Non-zero MAE: 19.4048, Non-zero RMSE: 27.8456, Sequence Accuracy: 0.5166, Non-zero Accuracy: 0.0112, Intent Accuracy: 0.8525
Epoch [267/300], Loss: 173.0328, Val Loss: 178.4176, MAE: 5.9861, RMSE: 13.3560, Non-zero MAE: 19.3393, Non-zero RMSE: 27.7511, Sequence Accuracy: 0.4637, Non-zero Accuracy: 0.0111, Intent Accuracy: 0.8578
Epoch [268/300], Loss: 173.2713, Val Loss: 178.4124, MAE: 5.9094, RMSE: 13.3563, Non-zero MAE: 19.4689, Non-zero RMSE: 27.8485, Sequence Accuracy: 0.4688, Non-zero Accuracy: 0.0103, Intent Accuracy: 0.8578
Epoch [269/300], Loss: 173.1902, Val Loss: 178.3613, MAE: 5.9380, RMSE: 13.3533, Non-zero MAE: 19.3580, Non-zero RMSE: 27.7821, Sequence Accuracy: 0.4704, Non-zero Accuracy: 0.0106, Intent Accuracy: 0.8574
Epoch [270/300], Loss: 173.2984, Val Loss: 178.2790, MAE: 5.9092, RMSE: 13.3503, Non-zero MAE: 19.4148, Non-zero RMSE: 27.8376, Sequence Accuracy: 0.4830, Non-zero Accuracy: 0.0106, Intent Accuracy: 0.8574
Epoch [271/300], Loss: 173.2250, Val Loss: 178.4086, MAE: 5.8783, RMSE: 13.3555, Non-zero MAE: 19.5020, Non-zero RMSE: 27.8695, Sequence Accuracy: 0.4826, Non-zero Accuracy: 0.0103, Intent Accuracy: 0.8574
Epoch [272/300], Loss: 172.9170, Val Loss: 178.5732, MAE: 5.8882, RMSE: 13.3618, Non-zero MAE: 19.4735, Non-zero RMSE: 27.8654, Sequence Accuracy: 0.4899, Non-zero Accuracy: 0.0108, Intent Accuracy: 0.8574
Epoch [273/300], Loss: 172.3117, Val Loss: 177.9442, MAE: 5.8946, RMSE: 13.3381, Non-zero MAE: 19.4783, Non-zero RMSE: 27.8606, Sequence Accuracy: 0.4660, Non-zero Accuracy: 0.0108, Intent Accuracy: 0.8529
Epoch [274/300], Loss: 172.8970, Val Loss: 177.9643, MAE: 5.9582, RMSE: 13.3386, Non-zero MAE: 19.3528, Non-zero RMSE: 27.7457, Sequence Accuracy: 0.4660, Non-zero Accuracy: 0.0106, Intent Accuracy: 0.8525
Epoch [275/300], Loss: 172.9403, Val Loss: 178.3095, MAE: 5.9076, RMSE: 13.3517, Non-zero MAE: 19.4306, Non-zero RMSE: 27.8328, Sequence Accuracy: 0.4773, Non-zero Accuracy: 0.0106, Intent Accuracy: 0.8520
Epoch [276/300], Loss: 172.0685, Val Loss: 178.1549, MAE: 5.9097, RMSE: 13.3460, Non-zero MAE: 19.4076, Non-zero RMSE: 27.8011, Sequence Accuracy: 0.4772, Non-zero Accuracy: 0.0105, Intent Accuracy: 0.8525
Epoch [277/300], Loss: 172.8541, Val Loss: 178.7446, MAE: 5.9112, RMSE: 13.3695, Non-zero MAE: 19.4383, Non-zero RMSE: 27.8211, Sequence Accuracy: 0.4931, Non-zero Accuracy: 0.0104, Intent Accuracy: 0.8525
Epoch [278/300], Loss: 173.2273, Val Loss: 178.2101, MAE: 5.9390, RMSE: 13.3484, Non-zero MAE: 19.3621, Non-zero RMSE: 27.7551, Sequence Accuracy: 0.4679, Non-zero Accuracy: 0.0106, Intent Accuracy: 0.8529
Epoch [279/300], Loss: 172.8185, Val Loss: 178.8638, MAE: 5.8675, RMSE: 13.3736, Non-zero MAE: 19.4526, Non-zero RMSE: 27.8839, Sequence Accuracy: 0.5204, Non-zero Accuracy: 0.0109, Intent Accuracy: 0.8574
Epoch [280/300], Loss: 173.1240, Val Loss: 178.3153, MAE: 5.9210, RMSE: 13.3531, Non-zero MAE: 19.4436, Non-zero RMSE: 27.7910, Sequence Accuracy: 0.4722, Non-zero Accuracy: 0.0100, Intent Accuracy: 0.8529
Epoch [281/300], Loss: 172.9070, Val Loss: 178.7893, MAE: 5.8680, RMSE: 13.3706, Non-zero MAE: 19.5303, Non-zero RMSE: 27.8991, Sequence Accuracy: 0.5015, Non-zero Accuracy: 0.0105, Intent Accuracy: 0.8525
Epoch [282/300], Loss: 172.6220, Val Loss: 178.3501, MAE: 5.8603, RMSE: 13.3539, Non-zero MAE: 19.5207, Non-zero RMSE: 27.8605, Sequence Accuracy: 0.5033, Non-zero Accuracy: 0.0101, Intent Accuracy: 0.8574
Epoch [283/300], Loss: 172.4621, Val Loss: 178.8690, MAE: 5.8933, RMSE: 13.3732, Non-zero MAE: 19.4052, Non-zero RMSE: 27.8399, Sequence Accuracy: 0.5123, Non-zero Accuracy: 0.0108, Intent Accuracy: 0.8578
Epoch [284/300], Loss: 173.0273, Val Loss: 178.4349, MAE: 5.9061, RMSE: 13.3566, Non-zero MAE: 19.4369, Non-zero RMSE: 27.8304, Sequence Accuracy: 0.4774, Non-zero Accuracy: 0.0108, Intent Accuracy: 0.8647
Epoch [285/300], Loss: 173.2370, Val Loss: 178.6548, MAE: 5.8310, RMSE: 13.3656, Non-zero MAE: 19.6433, Non-zero RMSE: 28.0532, Sequence Accuracy: 0.4927, Non-zero Accuracy: 0.0106, Intent Accuracy: 0.8578
Epoch [286/300], Loss: 173.0171, Val Loss: 178.5087, MAE: 5.9092, RMSE: 13.3592, Non-zero MAE: 19.4210, Non-zero RMSE: 27.8297, Sequence Accuracy: 0.4856, Non-zero Accuracy: 0.0106, Intent Accuracy: 0.8525
Epoch [287/300], Loss: 172.9815, Val Loss: 178.1821, MAE: 5.8805, RMSE: 13.3478, Non-zero MAE: 19.4645, Non-zero RMSE: 27.8751, Sequence Accuracy: 0.4882, Non-zero Accuracy: 0.0105, Intent Accuracy: 0.8529
Epoch [288/300], Loss: 172.4950, Val Loss: 178.1572, MAE: 5.9048, RMSE: 13.3464, Non-zero MAE: 19.4340, Non-zero RMSE: 27.8236, Sequence Accuracy: 0.4728, Non-zero Accuracy: 0.0105, Intent Accuracy: 0.8578
Epoch [289/300], Loss: 173.1783, Val Loss: 177.9233, MAE: 5.9630, RMSE: 13.3379, Non-zero MAE: 19.2852, Non-zero RMSE: 27.7152, Sequence Accuracy: 0.4631, Non-zero Accuracy: 0.0111, Intent Accuracy: 0.8578
Epoch [290/300], Loss: 172.5594, Val Loss: 178.9108, MAE: 5.8553, RMSE: 13.3750, Non-zero MAE: 19.4870, Non-zero RMSE: 27.8997, Sequence Accuracy: 0.5297, Non-zero Accuracy: 0.0106, Intent Accuracy: 0.8525
Epoch [291/300], Loss: 172.0444, Val Loss: 178.4145, MAE: 5.9010, RMSE: 13.3559, Non-zero MAE: 19.4424, Non-zero RMSE: 27.8164, Sequence Accuracy: 0.4847, Non-zero Accuracy: 0.0105, Intent Accuracy: 0.8529
Epoch [292/300], Loss: 172.5093, Val Loss: 178.4616, MAE: 5.9081, RMSE: 13.3580, Non-zero MAE: 19.3964, Non-zero RMSE: 27.7732, Sequence Accuracy: 0.4925, Non-zero Accuracy: 0.0106, Intent Accuracy: 0.8578
Epoch [293/300], Loss: 173.0941, Val Loss: 177.8858, MAE: 5.9383, RMSE: 13.3363, Non-zero MAE: 19.4093, Non-zero RMSE: 27.7793, Sequence Accuracy: 0.4606, Non-zero Accuracy: 0.0109, Intent Accuracy: 0.8578
Epoch [294/300], Loss: 172.3364, Val Loss: 179.0311, MAE: 5.8521, RMSE: 13.3797, Non-zero MAE: 19.5408, Non-zero RMSE: 27.9551, Sequence Accuracy: 0.5141, Non-zero Accuracy: 0.0105, Intent Accuracy: 0.8529
Epoch [295/300], Loss: 172.7517, Val Loss: 178.1471, MAE: 5.8839, RMSE: 13.3460, Non-zero MAE: 19.5028, Non-zero RMSE: 27.8918, Sequence Accuracy: 0.4749, Non-zero Accuracy: 0.0104, Intent Accuracy: 0.8578
Epoch [296/300], Loss: 172.3203, Val Loss: 178.3002, MAE: 5.8201, RMSE: 13.3526, Non-zero MAE: 19.5666, Non-zero RMSE: 27.9109, Sequence Accuracy: 0.5185, Non-zero Accuracy: 0.0104, Intent Accuracy: 0.8578
Epoch [297/300], Loss: 172.9989, Val Loss: 178.5857, MAE: 5.9035, RMSE: 13.3626, Non-zero MAE: 19.4329, Non-zero RMSE: 27.8248, Sequence Accuracy: 0.4956, Non-zero Accuracy: 0.0106, Intent Accuracy: 0.8578
Epoch [298/300], Loss: 171.8842, Val Loss: 178.3536, MAE: 5.8670, RMSE: 13.3536, Non-zero MAE: 19.4696, Non-zero RMSE: 27.8510, Sequence Accuracy: 0.5023, Non-zero Accuracy: 0.0102, Intent Accuracy: 0.8578
Epoch [299/300], Loss: 171.8076, Val Loss: 178.7525, MAE: 5.9090, RMSE: 13.3689, Non-zero MAE: 19.4291, Non-zero RMSE: 27.8486, Sequence Accuracy: 0.4931, Non-zero Accuracy: 0.0104, Intent Accuracy: 0.8529
Epoch [300/300], Loss: 172.2023, Val Loss: 178.1875, MAE: 5.9189, RMSE: 13.3470, Non-zero MAE: 19.4244, Non-zero RMSE: 27.8587, Sequence Accuracy: 0.4670, Non-zero Accuracy: 0.0106, Intent Accuracy: 0.8529
Best model saved as './training_results_final2/lstm_best_model.pth'
Test Results - Loss: 189.8260, MAE: 5.9621, RMSE: 13.6353, Non-zero MAE: 20.1421, Non-zero RMSE: 28.8676, Sequence Accuracy: 0.4700, Non-zero Accuracy: 0.0106, Intent Accuracy: 0.8263
