args.seed :  0
args.device :  cuda:0
args.train:  True
args.infer:  False
args.file_path:  /home/emforce77/TabFormer-main/modular_regression/multiple_scenario_data_fin2.xml
Data dimension: 300, Max sequence length: 30, num_intent : 7
Data Split Over
expanded_train_data_num 9663
expanded_val_data_num 2040
expanded_test_data_num 2050
col_dim 5 region_len 60 sequence_len 30 num_classes 445
Filtered data count: 111
train_loader
create_model
The model has 1,102,355 trainable parameters
trainer
Epoch [1/300], Loss: 446.2207, Val Loss: 421.2896, MAE: 7.1453, RMSE: 20.4800, Non-zero MAE: 32.8818, Non-zero RMSE: 45.8915, Sequence Accuracy: 0.4800, Non-zero Accuracy: 0.0002, Intent Accuracy: 0.1328
Epoch [2/300], Loss: 425.1585, Val Loss: 400.5274, MAE: 7.5269, RMSE: 19.9739, Non-zero MAE: 30.6985, Non-zero RMSE: 44.3904, Sequence Accuracy: 0.5130, Non-zero Accuracy: 0.0032, Intent Accuracy: 0.1564
Epoch [3/300], Loss: 407.0565, Val Loss: 387.1039, MAE: 7.9066, RMSE: 19.6342, Non-zero MAE: 28.7214, Non-zero RMSE: 43.0206, Sequence Accuracy: 0.5210, Non-zero Accuracy: 0.0098, Intent Accuracy: 0.1593
Epoch [4/300], Loss: 396.9292, Val Loss: 380.2608, MAE: 8.1630, RMSE: 19.4601, Non-zero MAE: 27.4738, Non-zero RMSE: 42.0721, Sequence Accuracy: 0.5181, Non-zero Accuracy: 0.0145, Intent Accuracy: 0.1314
Epoch [5/300], Loss: 392.2114, Val Loss: 376.4048, MAE: 8.2895, RMSE: 19.3624, Non-zero MAE: 26.8880, Non-zero RMSE: 41.5030, Sequence Accuracy: 0.5186, Non-zero Accuracy: 0.0170, Intent Accuracy: 0.1368
Epoch [6/300], Loss: 389.1549, Val Loss: 374.0312, MAE: 8.3606, RMSE: 19.3008, Non-zero MAE: 26.5692, Non-zero RMSE: 41.1434, Sequence Accuracy: 0.5140, Non-zero Accuracy: 0.0170, Intent Accuracy: 0.1368
Epoch [7/300], Loss: 387.0245, Val Loss: 372.8273, MAE: 8.3902, RMSE: 19.2663, Non-zero MAE: 26.4436, Non-zero RMSE: 40.9276, Sequence Accuracy: 0.5140, Non-zero Accuracy: 0.0169, Intent Accuracy: 0.1564
Epoch [8/300], Loss: 385.5133, Val Loss: 372.1809, MAE: 8.4086, RMSE: 19.2518, Non-zero MAE: 26.3731, Non-zero RMSE: 40.8076, Sequence Accuracy: 0.5140, Non-zero Accuracy: 0.0169, Intent Accuracy: 0.1328
Epoch [9/300], Loss: 386.4557, Val Loss: 371.8444, MAE: 8.4223, RMSE: 19.2434, Non-zero MAE: 26.3411, Non-zero RMSE: 40.7228, Sequence Accuracy: 0.5140, Non-zero Accuracy: 0.0170, Intent Accuracy: 0.1490
Epoch [10/300], Loss: 385.5888, Val Loss: 371.6633, MAE: 8.4192, RMSE: 19.2377, Non-zero MAE: 26.3648, Non-zero RMSE: 40.6897, Sequence Accuracy: 0.5139, Non-zero Accuracy: 0.0167, Intent Accuracy: 0.1564
Epoch [11/300], Loss: 384.8972, Val Loss: 371.5660, MAE: 8.4153, RMSE: 19.2367, Non-zero MAE: 26.3847, Non-zero RMSE: 40.6856, Sequence Accuracy: 0.5139, Non-zero Accuracy: 0.0165, Intent Accuracy: 0.1368
Epoch [12/300], Loss: 385.6217, Val Loss: 371.0455, MAE: 8.4256, RMSE: 19.2229, Non-zero MAE: 26.3206, Non-zero RMSE: 40.6047, Sequence Accuracy: 0.5120, Non-zero Accuracy: 0.0166, Intent Accuracy: 0.1328
Epoch [13/300], Loss: 384.8576, Val Loss: 370.8777, MAE: 8.4321, RMSE: 19.2182, Non-zero MAE: 26.2739, Non-zero RMSE: 40.5737, Sequence Accuracy: 0.5121, Non-zero Accuracy: 0.0170, Intent Accuracy: 0.1564
Epoch [14/300], Loss: 384.7680, Val Loss: 370.8202, MAE: 8.4210, RMSE: 19.2175, Non-zero MAE: 26.3118, Non-zero RMSE: 40.5914, Sequence Accuracy: 0.5120, Non-zero Accuracy: 0.0167, Intent Accuracy: 0.1328
Epoch [15/300], Loss: 384.0234, Val Loss: 370.7900, MAE: 8.4190, RMSE: 19.2164, Non-zero MAE: 26.3095, Non-zero RMSE: 40.5871, Sequence Accuracy: 0.5120, Non-zero Accuracy: 0.0165, Intent Accuracy: 0.1490
Epoch [16/300], Loss: 385.1585, Val Loss: 370.7847, MAE: 8.4208, RMSE: 19.2165, Non-zero MAE: 26.3031, Non-zero RMSE: 40.5883, Sequence Accuracy: 0.5120, Non-zero Accuracy: 0.0166, Intent Accuracy: 0.1368
Epoch [17/300], Loss: 385.0423, Val Loss: 370.7712, MAE: 8.4077, RMSE: 19.2158, Non-zero MAE: 26.3400, Non-zero RMSE: 40.6139, Sequence Accuracy: 0.5120, Non-zero Accuracy: 0.0164, Intent Accuracy: 0.1564
Epoch [18/300], Loss: 384.4758, Val Loss: 370.7716, MAE: 8.4211, RMSE: 19.2159, Non-zero MAE: 26.2981, Non-zero RMSE: 40.5805, Sequence Accuracy: 0.5120, Non-zero Accuracy: 0.0166, Intent Accuracy: 0.1490
Epoch [19/300], Loss: 384.0092, Val Loss: 370.7750, MAE: 8.4222, RMSE: 19.2163, Non-zero MAE: 26.2938, Non-zero RMSE: 40.5775, Sequence Accuracy: 0.5121, Non-zero Accuracy: 0.0167, Intent Accuracy: 0.1328
Epoch [20/300], Loss: 384.9441, Val Loss: 370.7679, MAE: 8.4189, RMSE: 19.2159, Non-zero MAE: 26.2992, Non-zero RMSE: 40.5867, Sequence Accuracy: 0.5120, Non-zero Accuracy: 0.0166, Intent Accuracy: 0.1368
Epoch [21/300], Loss: 384.4705, Val Loss: 370.7746, MAE: 8.4191, RMSE: 19.2161, Non-zero MAE: 26.3009, Non-zero RMSE: 40.5853, Sequence Accuracy: 0.5120, Non-zero Accuracy: 0.0165, Intent Accuracy: 0.1368
Epoch [22/300], Loss: 384.6643, Val Loss: 370.7670, MAE: 8.4213, RMSE: 19.2158, Non-zero MAE: 26.2906, Non-zero RMSE: 40.5800, Sequence Accuracy: 0.5120, Non-zero Accuracy: 0.0166, Intent Accuracy: 0.1490
Epoch [23/300], Loss: 385.7134, Val Loss: 370.7717, MAE: 8.4311, RMSE: 19.2162, Non-zero MAE: 26.2651, Non-zero RMSE: 40.5519, Sequence Accuracy: 0.5121, Non-zero Accuracy: 0.0168, Intent Accuracy: 0.1368
Epoch [24/300], Loss: 385.1249, Val Loss: 370.7768, MAE: 8.4197, RMSE: 19.2159, Non-zero MAE: 26.3027, Non-zero RMSE: 40.5836, Sequence Accuracy: 0.5120, Non-zero Accuracy: 0.0165, Intent Accuracy: 0.1490
Epoch [25/300], Loss: 384.7627, Val Loss: 370.7663, MAE: 8.4192, RMSE: 19.2163, Non-zero MAE: 26.3012, Non-zero RMSE: 40.5859, Sequence Accuracy: 0.5120, Non-zero Accuracy: 0.0166, Intent Accuracy: 0.1490
Epoch [26/300], Loss: 385.0756, Val Loss: 370.7712, MAE: 8.4177, RMSE: 19.2160, Non-zero MAE: 26.3061, Non-zero RMSE: 40.5863, Sequence Accuracy: 0.5120, Non-zero Accuracy: 0.0165, Intent Accuracy: 0.1328
Epoch [27/300], Loss: 384.7838, Val Loss: 370.7715, MAE: 8.4194, RMSE: 19.2160, Non-zero MAE: 26.3010, Non-zero RMSE: 40.5857, Sequence Accuracy: 0.5120, Non-zero Accuracy: 0.0164, Intent Accuracy: 0.1328
Epoch [28/300], Loss: 384.2615, Val Loss: 370.7751, MAE: 8.4173, RMSE: 19.2157, Non-zero MAE: 26.3107, Non-zero RMSE: 40.5909, Sequence Accuracy: 0.5121, Non-zero Accuracy: 0.0167, Intent Accuracy: 0.1275
Epoch [29/300], Loss: 385.3727, Val Loss: 370.7749, MAE: 8.4206, RMSE: 19.2161, Non-zero MAE: 26.3035, Non-zero RMSE: 40.5855, Sequence Accuracy: 0.5120, Non-zero Accuracy: 0.0166, Intent Accuracy: 0.1328
Epoch [30/300], Loss: 384.4469, Val Loss: 370.7724, MAE: 8.4218, RMSE: 19.2161, Non-zero MAE: 26.2927, Non-zero RMSE: 40.5783, Sequence Accuracy: 0.5120, Non-zero Accuracy: 0.0166, Intent Accuracy: 0.1275
Epoch [31/300], Loss: 384.9759, Val Loss: 370.7685, MAE: 8.4180, RMSE: 19.2158, Non-zero MAE: 26.3036, Non-zero RMSE: 40.5908, Sequence Accuracy: 0.5120, Non-zero Accuracy: 0.0165, Intent Accuracy: 0.1275
Epoch [32/300], Loss: 384.0526, Val Loss: 370.7694, MAE: 8.4203, RMSE: 19.2158, Non-zero MAE: 26.2959, Non-zero RMSE: 40.5819, Sequence Accuracy: 0.5120, Non-zero Accuracy: 0.0167, Intent Accuracy: 0.1328
Epoch [33/300], Loss: 385.0427, Val Loss: 370.7669, MAE: 8.4118, RMSE: 19.2156, Non-zero MAE: 26.3184, Non-zero RMSE: 40.6045, Sequence Accuracy: 0.5120, Non-zero Accuracy: 0.0164, Intent Accuracy: 0.1368
Epoch [34/300], Loss: 384.5973, Val Loss: 370.7697, MAE: 8.4298, RMSE: 19.2162, Non-zero MAE: 26.2641, Non-zero RMSE: 40.5643, Sequence Accuracy: 0.5121, Non-zero Accuracy: 0.0169, Intent Accuracy: 0.1275
Epoch [35/300], Loss: 385.3700, Val Loss: 370.7722, MAE: 8.4292, RMSE: 19.2157, Non-zero MAE: 26.2663, Non-zero RMSE: 40.5596, Sequence Accuracy: 0.5121, Non-zero Accuracy: 0.0168, Intent Accuracy: 0.1328
Epoch [36/300], Loss: 384.5698, Val Loss: 370.7656, MAE: 8.4183, RMSE: 19.2158, Non-zero MAE: 26.2990, Non-zero RMSE: 40.5854, Sequence Accuracy: 0.5120, Non-zero Accuracy: 0.0165, Intent Accuracy: 0.1275
Epoch [37/300], Loss: 385.2784, Val Loss: 370.7566, MAE: 8.4084, RMSE: 19.2137, Non-zero MAE: 26.3263, Non-zero RMSE: 40.6145, Sequence Accuracy: 0.5120, Non-zero Accuracy: 0.0164, Intent Accuracy: 0.1490
Epoch [38/300], Loss: 385.2393, Val Loss: 370.3972, MAE: 8.4186, RMSE: 19.2017, Non-zero MAE: 26.2565, Non-zero RMSE: 40.5413, Sequence Accuracy: 0.5120, Non-zero Accuracy: 0.0164, Intent Accuracy: 0.2206
Epoch [39/300], Loss: 382.7635, Val Loss: 369.2212, MAE: 8.4094, RMSE: 19.1759, Non-zero MAE: 26.2192, Non-zero RMSE: 40.4973, Sequence Accuracy: 0.5097, Non-zero Accuracy: 0.0164, Intent Accuracy: 0.2520
Epoch [40/300], Loss: 380.9212, Val Loss: 368.3207, MAE: 8.3103, RMSE: 19.1595, Non-zero MAE: 26.4545, Non-zero RMSE: 40.7333, Sequence Accuracy: 0.5075, Non-zero Accuracy: 0.0160, Intent Accuracy: 0.3137
Epoch [41/300], Loss: 379.2829, Val Loss: 367.2922, MAE: 8.4153, RMSE: 19.1281, Non-zero MAE: 26.0173, Non-zero RMSE: 40.3537, Sequence Accuracy: 0.5076, Non-zero Accuracy: 0.0166, Intent Accuracy: 0.2176
Epoch [42/300], Loss: 378.8733, Val Loss: 366.8290, MAE: 8.2359, RMSE: 19.1172, Non-zero MAE: 26.4906, Non-zero RMSE: 40.7992, Sequence Accuracy: 0.5050, Non-zero Accuracy: 0.0154, Intent Accuracy: 0.2877
Epoch [43/300], Loss: 376.6493, Val Loss: 363.8110, MAE: 8.3633, RMSE: 19.0471, Non-zero MAE: 25.9008, Non-zero RMSE: 40.2523, Sequence Accuracy: 0.5030, Non-zero Accuracy: 0.0173, Intent Accuracy: 0.3539
Epoch [44/300], Loss: 373.9601, Val Loss: 362.5702, MAE: 8.4463, RMSE: 19.0005, Non-zero MAE: 25.5192, Non-zero RMSE: 39.8171, Sequence Accuracy: 0.5014, Non-zero Accuracy: 0.0172, Intent Accuracy: 0.2873
Epoch [45/300], Loss: 370.2670, Val Loss: 359.1420, MAE: 8.2551, RMSE: 18.9227, Non-zero MAE: 25.8816, Non-zero RMSE: 40.1621, Sequence Accuracy: 0.5012, Non-zero Accuracy: 0.0159, Intent Accuracy: 0.3162
Epoch [46/300], Loss: 366.4862, Val Loss: 354.9445, MAE: 8.3196, RMSE: 18.8168, Non-zero MAE: 25.4701, Non-zero RMSE: 39.6651, Sequence Accuracy: 0.4952, Non-zero Accuracy: 0.0164, Intent Accuracy: 0.3701
Epoch [47/300], Loss: 362.4587, Val Loss: 352.2413, MAE: 8.3037, RMSE: 18.7443, Non-zero MAE: 25.3468, Non-zero RMSE: 39.5152, Sequence Accuracy: 0.4921, Non-zero Accuracy: 0.0164, Intent Accuracy: 0.3637
Epoch [48/300], Loss: 360.2295, Val Loss: 350.0455, MAE: 8.2976, RMSE: 18.6872, Non-zero MAE: 25.2288, Non-zero RMSE: 39.3558, Sequence Accuracy: 0.4898, Non-zero Accuracy: 0.0164, Intent Accuracy: 0.4172
Epoch [49/300], Loss: 357.9885, Val Loss: 348.2616, MAE: 8.2727, RMSE: 18.6386, Non-zero MAE: 25.1719, Non-zero RMSE: 39.2398, Sequence Accuracy: 0.4898, Non-zero Accuracy: 0.0160, Intent Accuracy: 0.4328
Epoch [50/300], Loss: 356.0180, Val Loss: 346.6461, MAE: 8.2912, RMSE: 18.5933, Non-zero MAE: 24.9898, Non-zero RMSE: 38.9911, Sequence Accuracy: 0.4880, Non-zero Accuracy: 0.0159, Intent Accuracy: 0.3887
Epoch [51/300], Loss: 353.5564, Val Loss: 344.9005, MAE: 8.2315, RMSE: 18.5540, Non-zero MAE: 25.0363, Non-zero RMSE: 39.0570, Sequence Accuracy: 0.4882, Non-zero Accuracy: 0.0153, Intent Accuracy: 0.4554
Epoch [52/300], Loss: 352.1694, Val Loss: 343.5770, MAE: 8.2090, RMSE: 18.5181, Non-zero MAE: 25.0071, Non-zero RMSE: 38.9456, Sequence Accuracy: 0.4883, Non-zero Accuracy: 0.0155, Intent Accuracy: 0.4725
Epoch [53/300], Loss: 349.9607, Val Loss: 342.5078, MAE: 8.1853, RMSE: 18.4881, Non-zero MAE: 24.9994, Non-zero RMSE: 38.8883, Sequence Accuracy: 0.4885, Non-zero Accuracy: 0.0154, Intent Accuracy: 0.4765
Epoch [54/300], Loss: 349.1880, Val Loss: 341.6265, MAE: 8.1619, RMSE: 18.4650, Non-zero MAE: 24.9970, Non-zero RMSE: 38.8865, Sequence Accuracy: 0.4888, Non-zero Accuracy: 0.0153, Intent Accuracy: 0.5059
Epoch [55/300], Loss: 347.7423, Val Loss: 341.9054, MAE: 8.1659, RMSE: 18.4636, Non-zero MAE: 24.9624, Non-zero RMSE: 38.7002, Sequence Accuracy: 0.4887, Non-zero Accuracy: 0.0149, Intent Accuracy: 0.4539
Epoch [56/300], Loss: 346.0457, Val Loss: 340.9240, MAE: 8.1358, RMSE: 18.4379, Non-zero MAE: 24.9932, Non-zero RMSE: 38.6874, Sequence Accuracy: 0.4889, Non-zero Accuracy: 0.0145, Intent Accuracy: 0.4750
Epoch [57/300], Loss: 346.4494, Val Loss: 338.9248, MAE: 8.1129, RMSE: 18.3937, Non-zero MAE: 24.9852, Non-zero RMSE: 38.7026, Sequence Accuracy: 0.4894, Non-zero Accuracy: 0.0147, Intent Accuracy: 0.5711
Epoch [58/300], Loss: 345.6634, Val Loss: 338.1763, MAE: 8.0962, RMSE: 18.3744, Non-zero MAE: 24.9843, Non-zero RMSE: 38.6644, Sequence Accuracy: 0.4897, Non-zero Accuracy: 0.0146, Intent Accuracy: 0.5250
Epoch [59/300], Loss: 344.7550, Val Loss: 337.7014, MAE: 8.0719, RMSE: 18.3623, Non-zero MAE: 25.0213, Non-zero RMSE: 38.7319, Sequence Accuracy: 0.4883, Non-zero Accuracy: 0.0146, Intent Accuracy: 0.5074
Epoch [60/300], Loss: 343.0243, Val Loss: 336.5835, MAE: 8.0635, RMSE: 18.3280, Non-zero MAE: 24.9598, Non-zero RMSE: 38.6291, Sequence Accuracy: 0.4883, Non-zero Accuracy: 0.0143, Intent Accuracy: 0.5078
Epoch [61/300], Loss: 342.7906, Val Loss: 335.4838, MAE: 8.0538, RMSE: 18.3001, Non-zero MAE: 24.9246, Non-zero RMSE: 38.5749, Sequence Accuracy: 0.4869, Non-zero Accuracy: 0.0142, Intent Accuracy: 0.5554
Epoch [62/300], Loss: 340.9766, Val Loss: 334.9974, MAE: 8.0515, RMSE: 18.2865, Non-zero MAE: 24.8774, Non-zero RMSE: 38.4254, Sequence Accuracy: 0.4838, Non-zero Accuracy: 0.0143, Intent Accuracy: 0.5132
Epoch [63/300], Loss: 338.7994, Val Loss: 333.0506, MAE: 8.0361, RMSE: 18.2337, Non-zero MAE: 24.8214, Non-zero RMSE: 38.4281, Sequence Accuracy: 0.4847, Non-zero Accuracy: 0.0145, Intent Accuracy: 0.5755
Epoch [64/300], Loss: 338.2068, Val Loss: 331.5792, MAE: 8.0365, RMSE: 18.1957, Non-zero MAE: 24.7292, Non-zero RMSE: 38.2642, Sequence Accuracy: 0.4845, Non-zero Accuracy: 0.0147, Intent Accuracy: 0.5255
Epoch [65/300], Loss: 336.5435, Val Loss: 330.8412, MAE: 8.0223, RMSE: 18.1752, Non-zero MAE: 24.7196, Non-zero RMSE: 38.2602, Sequence Accuracy: 0.4856, Non-zero Accuracy: 0.0146, Intent Accuracy: 0.5863
Epoch [66/300], Loss: 335.9193, Val Loss: 330.0739, MAE: 8.0129, RMSE: 18.1535, Non-zero MAE: 24.6659, Non-zero RMSE: 38.1510, Sequence Accuracy: 0.4829, Non-zero Accuracy: 0.0143, Intent Accuracy: 0.5564
Epoch [67/300], Loss: 333.6542, Val Loss: 328.6705, MAE: 8.0008, RMSE: 18.1160, Non-zero MAE: 24.6314, Non-zero RMSE: 38.1262, Sequence Accuracy: 0.4817, Non-zero Accuracy: 0.0141, Intent Accuracy: 0.5314
Epoch [68/300], Loss: 331.7690, Val Loss: 327.8370, MAE: 7.9741, RMSE: 18.0929, Non-zero MAE: 24.6321, Non-zero RMSE: 38.1009, Sequence Accuracy: 0.4820, Non-zero Accuracy: 0.0142, Intent Accuracy: 0.5348
Epoch [69/300], Loss: 331.0649, Val Loss: 327.3406, MAE: 7.9655, RMSE: 18.0783, Non-zero MAE: 24.6092, Non-zero RMSE: 38.0583, Sequence Accuracy: 0.4798, Non-zero Accuracy: 0.0140, Intent Accuracy: 0.5407
Epoch [70/300], Loss: 332.1385, Val Loss: 326.8315, MAE: 7.9590, RMSE: 18.0636, Non-zero MAE: 24.5965, Non-zero RMSE: 38.0785, Sequence Accuracy: 0.4815, Non-zero Accuracy: 0.0143, Intent Accuracy: 0.5299
Epoch [71/300], Loss: 329.0951, Val Loss: 325.4506, MAE: 7.9323, RMSE: 18.0252, Non-zero MAE: 24.5648, Non-zero RMSE: 38.0036, Sequence Accuracy: 0.4811, Non-zero Accuracy: 0.0139, Intent Accuracy: 0.5490
Epoch [72/300], Loss: 327.7063, Val Loss: 323.6624, MAE: 7.9293, RMSE: 17.9776, Non-zero MAE: 24.4781, Non-zero RMSE: 37.8968, Sequence Accuracy: 0.4771, Non-zero Accuracy: 0.0139, Intent Accuracy: 0.6309
Epoch [73/300], Loss: 326.0965, Val Loss: 321.8461, MAE: 7.9709, RMSE: 17.9289, Non-zero MAE: 24.2434, Non-zero RMSE: 37.6251, Sequence Accuracy: 0.4774, Non-zero Accuracy: 0.0141, Intent Accuracy: 0.5559
Epoch [74/300], Loss: 322.6876, Val Loss: 320.4680, MAE: 7.9622, RMSE: 17.8887, Non-zero MAE: 24.1678, Non-zero RMSE: 37.5332, Sequence Accuracy: 0.4785, Non-zero Accuracy: 0.0148, Intent Accuracy: 0.5662
Epoch [75/300], Loss: 321.1118, Val Loss: 319.3077, MAE: 7.9091, RMSE: 17.8560, Non-zero MAE: 24.2164, Non-zero RMSE: 37.5532, Sequence Accuracy: 0.4783, Non-zero Accuracy: 0.0140, Intent Accuracy: 0.5863
Epoch [76/300], Loss: 319.2128, Val Loss: 318.0639, MAE: 7.9009, RMSE: 17.8216, Non-zero MAE: 24.1579, Non-zero RMSE: 37.4831, Sequence Accuracy: 0.4749, Non-zero Accuracy: 0.0143, Intent Accuracy: 0.5814
Epoch [77/300], Loss: 317.4683, Val Loss: 316.8913, MAE: 7.8814, RMSE: 17.7873, Non-zero MAE: 24.1012, Non-zero RMSE: 37.4324, Sequence Accuracy: 0.4727, Non-zero Accuracy: 0.0141, Intent Accuracy: 0.5961
Epoch [78/300], Loss: 315.9734, Val Loss: 317.2054, MAE: 7.8086, RMSE: 17.7938, Non-zero MAE: 24.2368, Non-zero RMSE: 37.5799, Sequence Accuracy: 0.4743, Non-zero Accuracy: 0.0138, Intent Accuracy: 0.5564
Epoch [79/300], Loss: 314.1843, Val Loss: 314.7452, MAE: 7.8208, RMSE: 17.7283, Non-zero MAE: 24.0780, Non-zero RMSE: 37.3586, Sequence Accuracy: 0.4724, Non-zero Accuracy: 0.0138, Intent Accuracy: 0.6000
Epoch [80/300], Loss: 312.7008, Val Loss: 313.2232, MAE: 7.8861, RMSE: 17.6866, Non-zero MAE: 23.8290, Non-zero RMSE: 37.0788, Sequence Accuracy: 0.4697, Non-zero Accuracy: 0.0143, Intent Accuracy: 0.6132
Epoch [81/300], Loss: 311.2460, Val Loss: 312.7716, MAE: 7.8254, RMSE: 17.6717, Non-zero MAE: 23.9212, Non-zero RMSE: 37.1736, Sequence Accuracy: 0.4700, Non-zero Accuracy: 0.0138, Intent Accuracy: 0.5936
Epoch [82/300], Loss: 310.0051, Val Loss: 311.2900, MAE: 7.8474, RMSE: 17.6318, Non-zero MAE: 23.7991, Non-zero RMSE: 36.9780, Sequence Accuracy: 0.4710, Non-zero Accuracy: 0.0138, Intent Accuracy: 0.5936
Epoch [83/300], Loss: 309.8116, Val Loss: 310.7286, MAE: 7.8965, RMSE: 17.6162, Non-zero MAE: 23.6426, Non-zero RMSE: 36.7920, Sequence Accuracy: 0.4693, Non-zero Accuracy: 0.0144, Intent Accuracy: 0.6059
Epoch [84/300], Loss: 307.5258, Val Loss: 310.3126, MAE: 7.7734, RMSE: 17.6043, Non-zero MAE: 23.8838, Non-zero RMSE: 37.0429, Sequence Accuracy: 0.4701, Non-zero Accuracy: 0.0138, Intent Accuracy: 0.5995
Epoch [85/300], Loss: 306.4186, Val Loss: 308.2523, MAE: 7.8410, RMSE: 17.5465, Non-zero MAE: 23.6267, Non-zero RMSE: 36.7218, Sequence Accuracy: 0.4645, Non-zero Accuracy: 0.0143, Intent Accuracy: 0.6304
Epoch [86/300], Loss: 302.8095, Val Loss: 305.2714, MAE: 7.9143, RMSE: 17.4577, Non-zero MAE: 23.3157, Non-zero RMSE: 36.3115, Sequence Accuracy: 0.4594, Non-zero Accuracy: 0.0143, Intent Accuracy: 0.5902
Epoch [87/300], Loss: 301.1043, Val Loss: 302.3227, MAE: 7.8177, RMSE: 17.3748, Non-zero MAE: 23.3585, Non-zero RMSE: 36.3024, Sequence Accuracy: 0.4600, Non-zero Accuracy: 0.0140, Intent Accuracy: 0.6265
Epoch [88/300], Loss: 298.4997, Val Loss: 301.2558, MAE: 7.7450, RMSE: 17.3453, Non-zero MAE: 23.4588, Non-zero RMSE: 36.3655, Sequence Accuracy: 0.4607, Non-zero Accuracy: 0.0136, Intent Accuracy: 0.6142
Epoch [89/300], Loss: 296.6847, Val Loss: 299.7578, MAE: 7.7419, RMSE: 17.3014, Non-zero MAE: 23.3776, Non-zero RMSE: 36.2304, Sequence Accuracy: 0.4597, Non-zero Accuracy: 0.0136, Intent Accuracy: 0.6230
Epoch [90/300], Loss: 294.8182, Val Loss: 298.6931, MAE: 7.7589, RMSE: 17.2682, Non-zero MAE: 23.2711, Non-zero RMSE: 36.0725, Sequence Accuracy: 0.4598, Non-zero Accuracy: 0.0137, Intent Accuracy: 0.6328
Epoch [91/300], Loss: 294.0493, Val Loss: 297.8758, MAE: 7.7191, RMSE: 17.2462, Non-zero MAE: 23.2949, Non-zero RMSE: 36.0903, Sequence Accuracy: 0.4605, Non-zero Accuracy: 0.0137, Intent Accuracy: 0.6034
Epoch [92/300], Loss: 294.0848, Val Loss: 296.5341, MAE: 7.7023, RMSE: 17.2066, Non-zero MAE: 23.2565, Non-zero RMSE: 35.9909, Sequence Accuracy: 0.4611, Non-zero Accuracy: 0.0136, Intent Accuracy: 0.6245
Epoch [93/300], Loss: 292.4953, Val Loss: 296.6236, MAE: 7.6432, RMSE: 17.2116, Non-zero MAE: 23.3794, Non-zero RMSE: 36.1015, Sequence Accuracy: 0.4620, Non-zero Accuracy: 0.0127, Intent Accuracy: 0.6358
Epoch [94/300], Loss: 291.0895, Val Loss: 295.4225, MAE: 7.7542, RMSE: 17.1767, Non-zero MAE: 23.0843, Non-zero RMSE: 35.7233, Sequence Accuracy: 0.4621, Non-zero Accuracy: 0.0139, Intent Accuracy: 0.6515
Epoch [95/300], Loss: 290.3197, Val Loss: 295.6379, MAE: 7.6029, RMSE: 17.1832, Non-zero MAE: 23.3910, Non-zero RMSE: 36.0438, Sequence Accuracy: 0.4643, Non-zero Accuracy: 0.0131, Intent Accuracy: 0.6495
Epoch [96/300], Loss: 289.3947, Val Loss: 293.3740, MAE: 7.6276, RMSE: 17.1160, Non-zero MAE: 23.2312, Non-zero RMSE: 35.8183, Sequence Accuracy: 0.4633, Non-zero Accuracy: 0.0137, Intent Accuracy: 0.6216
Epoch [97/300], Loss: 288.4379, Val Loss: 293.1014, MAE: 7.6034, RMSE: 17.1116, Non-zero MAE: 23.2625, Non-zero RMSE: 35.8390, Sequence Accuracy: 0.4633, Non-zero Accuracy: 0.0134, Intent Accuracy: 0.6897
Epoch [98/300], Loss: 287.1230, Val Loss: 291.0637, MAE: 7.6194, RMSE: 17.0491, Non-zero MAE: 23.1274, Non-zero RMSE: 35.6209, Sequence Accuracy: 0.4618, Non-zero Accuracy: 0.0134, Intent Accuracy: 0.6765
Epoch [99/300], Loss: 285.2055, Val Loss: 289.8933, MAE: 7.5872, RMSE: 17.0177, Non-zero MAE: 23.1404, Non-zero RMSE: 35.5960, Sequence Accuracy: 0.4628, Non-zero Accuracy: 0.0135, Intent Accuracy: 0.6917
Epoch [100/300], Loss: 284.1776, Val Loss: 289.5369, MAE: 7.5856, RMSE: 17.0045, Non-zero MAE: 23.1047, Non-zero RMSE: 35.5097, Sequence Accuracy: 0.4623, Non-zero Accuracy: 0.0131, Intent Accuracy: 0.6583
Epoch [101/300], Loss: 282.8415, Val Loss: 288.5808, MAE: 7.6133, RMSE: 16.9789, Non-zero MAE: 23.0300, Non-zero RMSE: 35.3818, Sequence Accuracy: 0.4638, Non-zero Accuracy: 0.0137, Intent Accuracy: 0.6877
Epoch [102/300], Loss: 282.0293, Val Loss: 287.2895, MAE: 7.5938, RMSE: 16.9420, Non-zero MAE: 23.0067, Non-zero RMSE: 35.3117, Sequence Accuracy: 0.4639, Non-zero Accuracy: 0.0132, Intent Accuracy: 0.7368
Epoch [103/300], Loss: 280.7965, Val Loss: 286.5440, MAE: 7.5537, RMSE: 16.9178, Non-zero MAE: 23.0316, Non-zero RMSE: 35.3190, Sequence Accuracy: 0.4639, Non-zero Accuracy: 0.0131, Intent Accuracy: 0.7735
Epoch [104/300], Loss: 280.4140, Val Loss: 286.3849, MAE: 7.5185, RMSE: 16.9150, Non-zero MAE: 23.0915, Non-zero RMSE: 35.3734, Sequence Accuracy: 0.4642, Non-zero Accuracy: 0.0131, Intent Accuracy: 0.7760
Epoch [105/300], Loss: 279.8424, Val Loss: 285.8315, MAE: 7.5284, RMSE: 16.8959, Non-zero MAE: 23.0096, Non-zero RMSE: 35.2423, Sequence Accuracy: 0.4643, Non-zero Accuracy: 0.0126, Intent Accuracy: 0.6882
Epoch [106/300], Loss: 278.9895, Val Loss: 284.3163, MAE: 7.5303, RMSE: 16.8542, Non-zero MAE: 22.9464, Non-zero RMSE: 35.1519, Sequence Accuracy: 0.4648, Non-zero Accuracy: 0.0126, Intent Accuracy: 0.7324
Epoch [107/300], Loss: 278.9637, Val Loss: 283.7827, MAE: 7.4644, RMSE: 16.8373, Non-zero MAE: 23.0384, Non-zero RMSE: 35.2245, Sequence Accuracy: 0.4658, Non-zero Accuracy: 0.0125, Intent Accuracy: 0.7299
Epoch [108/300], Loss: 277.4862, Val Loss: 283.5358, MAE: 7.4933, RMSE: 16.8311, Non-zero MAE: 22.9717, Non-zero RMSE: 35.1381, Sequence Accuracy: 0.4661, Non-zero Accuracy: 0.0131, Intent Accuracy: 0.7279
Epoch [109/300], Loss: 276.6539, Val Loss: 282.8158, MAE: 7.4776, RMSE: 16.8122, Non-zero MAE: 22.9530, Non-zero RMSE: 35.1060, Sequence Accuracy: 0.4665, Non-zero Accuracy: 0.0132, Intent Accuracy: 0.7583
Epoch [110/300], Loss: 275.6267, Val Loss: 283.0047, MAE: 7.3993, RMSE: 16.8138, Non-zero MAE: 23.0804, Non-zero RMSE: 35.2247, Sequence Accuracy: 0.4675, Non-zero Accuracy: 0.0128, Intent Accuracy: 0.7137
Epoch [111/300], Loss: 274.9767, Val Loss: 281.1433, MAE: 7.4843, RMSE: 16.7608, Non-zero MAE: 22.8556, Non-zero RMSE: 34.9201, Sequence Accuracy: 0.4674, Non-zero Accuracy: 0.0133, Intent Accuracy: 0.7407
Epoch [112/300], Loss: 274.3814, Val Loss: 281.4064, MAE: 7.4606, RMSE: 16.7675, Non-zero MAE: 22.8964, Non-zero RMSE: 34.9873, Sequence Accuracy: 0.4664, Non-zero Accuracy: 0.0132, Intent Accuracy: 0.7186
Epoch [113/300], Loss: 273.5016, Val Loss: 281.0969, MAE: 7.3727, RMSE: 16.7596, Non-zero MAE: 23.0115, Non-zero RMSE: 35.0987, Sequence Accuracy: 0.4687, Non-zero Accuracy: 0.0125, Intent Accuracy: 0.7495
Epoch [114/300], Loss: 272.4954, Val Loss: 280.4748, MAE: 7.4121, RMSE: 16.7392, Non-zero MAE: 22.9028, Non-zero RMSE: 34.9380, Sequence Accuracy: 0.4682, Non-zero Accuracy: 0.0127, Intent Accuracy: 0.6966
Epoch [115/300], Loss: 271.6371, Val Loss: 278.6418, MAE: 7.4321, RMSE: 16.6839, Non-zero MAE: 22.7870, Non-zero RMSE: 34.7850, Sequence Accuracy: 0.4658, Non-zero Accuracy: 0.0125, Intent Accuracy: 0.7422
Epoch [116/300], Loss: 271.0351, Val Loss: 277.6737, MAE: 7.4029, RMSE: 16.6555, Non-zero MAE: 22.7943, Non-zero RMSE: 34.7767, Sequence Accuracy: 0.4661, Non-zero Accuracy: 0.0124, Intent Accuracy: 0.7412
Epoch [117/300], Loss: 270.5388, Val Loss: 278.2609, MAE: 7.3586, RMSE: 16.6736, Non-zero MAE: 22.8796, Non-zero RMSE: 34.8581, Sequence Accuracy: 0.4672, Non-zero Accuracy: 0.0126, Intent Accuracy: 0.7525
Epoch [118/300], Loss: 269.0023, Val Loss: 276.9572, MAE: 7.3845, RMSE: 16.6355, Non-zero MAE: 22.7586, Non-zero RMSE: 34.7124, Sequence Accuracy: 0.4669, Non-zero Accuracy: 0.0128, Intent Accuracy: 0.7907
Epoch [119/300], Loss: 267.2798, Val Loss: 276.1161, MAE: 7.3838, RMSE: 16.6090, Non-zero MAE: 22.7257, Non-zero RMSE: 34.6371, Sequence Accuracy: 0.4672, Non-zero Accuracy: 0.0125, Intent Accuracy: 0.7353
Epoch [120/300], Loss: 267.2945, Val Loss: 275.9888, MAE: 7.3642, RMSE: 16.6068, Non-zero MAE: 22.7381, Non-zero RMSE: 34.6438, Sequence Accuracy: 0.4676, Non-zero Accuracy: 0.0125, Intent Accuracy: 0.7662
Epoch [121/300], Loss: 266.4377, Val Loss: 275.3625, MAE: 7.3840, RMSE: 16.5875, Non-zero MAE: 22.6457, Non-zero RMSE: 34.5373, Sequence Accuracy: 0.4673, Non-zero Accuracy: 0.0127, Intent Accuracy: 0.7667
Epoch [122/300], Loss: 265.3686, Val Loss: 275.4226, MAE: 7.2757, RMSE: 16.5876, Non-zero MAE: 22.8207, Non-zero RMSE: 34.7177, Sequence Accuracy: 0.4690, Non-zero Accuracy: 0.0126, Intent Accuracy: 0.7598
Epoch [123/300], Loss: 265.1180, Val Loss: 273.8035, MAE: 7.3325, RMSE: 16.5392, Non-zero MAE: 22.6214, Non-zero RMSE: 34.4819, Sequence Accuracy: 0.4683, Non-zero Accuracy: 0.0124, Intent Accuracy: 0.7475
Epoch [124/300], Loss: 264.5866, Val Loss: 274.1326, MAE: 7.2690, RMSE: 16.5501, Non-zero MAE: 22.7452, Non-zero RMSE: 34.5951, Sequence Accuracy: 0.4693, Non-zero Accuracy: 0.0129, Intent Accuracy: 0.7431
Epoch [125/300], Loss: 264.3727, Val Loss: 272.6082, MAE: 7.2612, RMSE: 16.5042, Non-zero MAE: 22.6873, Non-zero RMSE: 34.5310, Sequence Accuracy: 0.4688, Non-zero Accuracy: 0.0128, Intent Accuracy: 0.7495
Epoch [126/300], Loss: 262.2039, Val Loss: 271.8965, MAE: 7.3392, RMSE: 16.4821, Non-zero MAE: 22.5106, Non-zero RMSE: 34.2929, Sequence Accuracy: 0.4684, Non-zero Accuracy: 0.0125, Intent Accuracy: 0.7412
Epoch [127/300], Loss: 262.4000, Val Loss: 272.8786, MAE: 7.3194, RMSE: 16.5072, Non-zero MAE: 22.5313, Non-zero RMSE: 34.3337, Sequence Accuracy: 0.4689, Non-zero Accuracy: 0.0132, Intent Accuracy: 0.6779
Epoch [128/300], Loss: 260.9205, Val Loss: 270.6547, MAE: 7.2430, RMSE: 16.4456, Non-zero MAE: 22.5879, Non-zero RMSE: 34.3816, Sequence Accuracy: 0.4677, Non-zero Accuracy: 0.0125, Intent Accuracy: 0.7598
Epoch [129/300], Loss: 260.2428, Val Loss: 269.1122, MAE: 7.3160, RMSE: 16.3990, Non-zero MAE: 22.3738, Non-zero RMSE: 34.1031, Sequence Accuracy: 0.4650, Non-zero Accuracy: 0.0130, Intent Accuracy: 0.7706
Epoch [130/300], Loss: 258.8349, Val Loss: 267.9054, MAE: 7.3575, RMSE: 16.3623, Non-zero MAE: 22.2298, Non-zero RMSE: 33.9116, Sequence Accuracy: 0.4648, Non-zero Accuracy: 0.0134, Intent Accuracy: 0.7966
Epoch [131/300], Loss: 256.5570, Val Loss: 267.5635, MAE: 7.2123, RMSE: 16.3519, Non-zero MAE: 22.4113, Non-zero RMSE: 34.1260, Sequence Accuracy: 0.4663, Non-zero Accuracy: 0.0129, Intent Accuracy: 0.8020
Epoch [132/300], Loss: 256.8527, Val Loss: 267.0495, MAE: 7.2327, RMSE: 16.3356, Non-zero MAE: 22.3723, Non-zero RMSE: 34.0349, Sequence Accuracy: 0.4658, Non-zero Accuracy: 0.0133, Intent Accuracy: 0.7804
Epoch [133/300], Loss: 254.6329, Val Loss: 265.7714, MAE: 7.1791, RMSE: 16.2959, Non-zero MAE: 22.3787, Non-zero RMSE: 34.0219, Sequence Accuracy: 0.4668, Non-zero Accuracy: 0.0126, Intent Accuracy: 0.7745
Epoch [134/300], Loss: 253.5012, Val Loss: 264.5745, MAE: 7.1947, RMSE: 16.2596, Non-zero MAE: 22.3008, Non-zero RMSE: 33.9010, Sequence Accuracy: 0.4669, Non-zero Accuracy: 0.0135, Intent Accuracy: 0.8083
Epoch [135/300], Loss: 253.6599, Val Loss: 264.4253, MAE: 7.1700, RMSE: 16.2557, Non-zero MAE: 22.3185, Non-zero RMSE: 33.9157, Sequence Accuracy: 0.4670, Non-zero Accuracy: 0.0133, Intent Accuracy: 0.7946
Epoch [136/300], Loss: 251.4144, Val Loss: 263.7265, MAE: 7.0974, RMSE: 16.2347, Non-zero MAE: 22.4019, Non-zero RMSE: 34.0032, Sequence Accuracy: 0.4677, Non-zero Accuracy: 0.0127, Intent Accuracy: 0.8064
Epoch [137/300], Loss: 250.7448, Val Loss: 263.3501, MAE: 7.2221, RMSE: 16.2218, Non-zero MAE: 22.1546, Non-zero RMSE: 33.7097, Sequence Accuracy: 0.4669, Non-zero Accuracy: 0.0138, Intent Accuracy: 0.7858
Epoch [138/300], Loss: 250.0992, Val Loss: 262.0495, MAE: 7.1753, RMSE: 16.1840, Non-zero MAE: 22.1886, Non-zero RMSE: 33.7222, Sequence Accuracy: 0.4672, Non-zero Accuracy: 0.0130, Intent Accuracy: 0.7961
Epoch [139/300], Loss: 249.3770, Val Loss: 261.0710, MAE: 7.1990, RMSE: 16.1535, Non-zero MAE: 22.0698, Non-zero RMSE: 33.5841, Sequence Accuracy: 0.4670, Non-zero Accuracy: 0.0134, Intent Accuracy: 0.8382
Epoch [140/300], Loss: 249.2168, Val Loss: 261.1217, MAE: 7.1716, RMSE: 16.1565, Non-zero MAE: 22.0950, Non-zero RMSE: 33.6077, Sequence Accuracy: 0.4678, Non-zero Accuracy: 0.0137, Intent Accuracy: 0.8221
Epoch [141/300], Loss: 247.7130, Val Loss: 260.6722, MAE: 7.0936, RMSE: 16.1416, Non-zero MAE: 22.1996, Non-zero RMSE: 33.7197, Sequence Accuracy: 0.4687, Non-zero Accuracy: 0.0130, Intent Accuracy: 0.8245
Epoch [142/300], Loss: 246.6956, Val Loss: 259.0874, MAE: 7.1667, RMSE: 16.0929, Non-zero MAE: 21.9769, Non-zero RMSE: 33.4647, Sequence Accuracy: 0.4679, Non-zero Accuracy: 0.0137, Intent Accuracy: 0.8147
Epoch [143/300], Loss: 245.2063, Val Loss: 259.2319, MAE: 7.0420, RMSE: 16.0971, Non-zero MAE: 22.1937, Non-zero RMSE: 33.6870, Sequence Accuracy: 0.4704, Non-zero Accuracy: 0.0132, Intent Accuracy: 0.8093
Epoch [144/300], Loss: 243.5793, Val Loss: 257.3833, MAE: 7.1477, RMSE: 16.0391, Non-zero MAE: 21.9382, Non-zero RMSE: 33.3887, Sequence Accuracy: 0.4680, Non-zero Accuracy: 0.0135, Intent Accuracy: 0.8176
Epoch [145/300], Loss: 243.9311, Val Loss: 259.2017, MAE: 7.0380, RMSE: 16.0920, Non-zero MAE: 22.1414, Non-zero RMSE: 33.6388, Sequence Accuracy: 0.4698, Non-zero Accuracy: 0.0137, Intent Accuracy: 0.7529
Epoch [146/300], Loss: 241.7595, Val Loss: 256.5706, MAE: 7.0787, RMSE: 16.0133, Non-zero MAE: 21.9413, Non-zero RMSE: 33.4014, Sequence Accuracy: 0.4704, Non-zero Accuracy: 0.0137, Intent Accuracy: 0.8069
Epoch [147/300], Loss: 240.8508, Val Loss: 256.3628, MAE: 6.9713, RMSE: 16.0071, Non-zero MAE: 22.1298, Non-zero RMSE: 33.5803, Sequence Accuracy: 0.4711, Non-zero Accuracy: 0.0135, Intent Accuracy: 0.8260
Epoch [148/300], Loss: 239.0595, Val Loss: 254.2387, MAE: 6.9908, RMSE: 15.9423, Non-zero MAE: 21.9728, Non-zero RMSE: 33.3571, Sequence Accuracy: 0.4694, Non-zero Accuracy: 0.0139, Intent Accuracy: 0.8142
Epoch [149/300], Loss: 236.5309, Val Loss: 250.8837, MAE: 7.0183, RMSE: 15.8368, Non-zero MAE: 21.7902, Non-zero RMSE: 33.0719, Sequence Accuracy: 0.4694, Non-zero Accuracy: 0.0140, Intent Accuracy: 0.8137
Epoch [150/300], Loss: 235.2316, Val Loss: 252.7460, MAE: 7.0009, RMSE: 15.8935, Non-zero MAE: 21.8332, Non-zero RMSE: 33.1503, Sequence Accuracy: 0.4695, Non-zero Accuracy: 0.0144, Intent Accuracy: 0.7784
Epoch [151/300], Loss: 232.3316, Val Loss: 248.5919, MAE: 6.9881, RMSE: 15.7645, Non-zero MAE: 21.6813, Non-zero RMSE: 32.8983, Sequence Accuracy: 0.4700, Non-zero Accuracy: 0.0140, Intent Accuracy: 0.8289
Epoch [152/300], Loss: 230.9123, Val Loss: 247.9312, MAE: 7.0347, RMSE: 15.7429, Non-zero MAE: 21.5547, Non-zero RMSE: 32.7336, Sequence Accuracy: 0.4693, Non-zero Accuracy: 0.0144, Intent Accuracy: 0.8250
Epoch [153/300], Loss: 229.1629, Val Loss: 248.0934, MAE: 7.0595, RMSE: 15.7484, Non-zero MAE: 21.4630, Non-zero RMSE: 32.6289, Sequence Accuracy: 0.4700, Non-zero Accuracy: 0.0147, Intent Accuracy: 0.8167
Epoch [154/300], Loss: 228.4676, Val Loss: 245.5885, MAE: 6.9113, RMSE: 15.6688, Non-zero MAE: 21.6162, Non-zero RMSE: 32.7693, Sequence Accuracy: 0.4729, Non-zero Accuracy: 0.0148, Intent Accuracy: 0.8235
Epoch [155/300], Loss: 227.6548, Val Loss: 245.1412, MAE: 6.8922, RMSE: 15.6566, Non-zero MAE: 21.6059, Non-zero RMSE: 32.7427, Sequence Accuracy: 0.4738, Non-zero Accuracy: 0.0144, Intent Accuracy: 0.8559
Epoch [156/300], Loss: 226.2938, Val Loss: 244.7738, MAE: 6.9452, RMSE: 15.6416, Non-zero MAE: 21.5018, Non-zero RMSE: 32.5911, Sequence Accuracy: 0.4708, Non-zero Accuracy: 0.0144, Intent Accuracy: 0.8176
Epoch [157/300], Loss: 225.0430, Val Loss: 244.0676, MAE: 6.9366, RMSE: 15.6213, Non-zero MAE: 21.4653, Non-zero RMSE: 32.5405, Sequence Accuracy: 0.4717, Non-zero Accuracy: 0.0146, Intent Accuracy: 0.8240
Epoch [158/300], Loss: 222.9985, Val Loss: 242.1885, MAE: 6.8855, RMSE: 15.5598, Non-zero MAE: 21.4651, Non-zero RMSE: 32.4952, Sequence Accuracy: 0.4726, Non-zero Accuracy: 0.0145, Intent Accuracy: 0.8069
Epoch [159/300], Loss: 221.4901, Val Loss: 241.3838, MAE: 6.8430, RMSE: 15.5350, Non-zero MAE: 21.5084, Non-zero RMSE: 32.5206, Sequence Accuracy: 0.4742, Non-zero Accuracy: 0.0143, Intent Accuracy: 0.8343
Epoch [160/300], Loss: 221.8642, Val Loss: 240.2021, MAE: 6.8833, RMSE: 15.4970, Non-zero MAE: 21.3497, Non-zero RMSE: 32.3405, Sequence Accuracy: 0.4740, Non-zero Accuracy: 0.0146, Intent Accuracy: 0.8137
Epoch [161/300], Loss: 220.1650, Val Loss: 238.9207, MAE: 6.8673, RMSE: 15.4552, Non-zero MAE: 21.3191, Non-zero RMSE: 32.2756, Sequence Accuracy: 0.4747, Non-zero Accuracy: 0.0144, Intent Accuracy: 0.8074
Epoch [162/300], Loss: 219.3469, Val Loss: 240.0639, MAE: 6.8130, RMSE: 15.4907, Non-zero MAE: 21.4336, Non-zero RMSE: 32.4134, Sequence Accuracy: 0.4753, Non-zero Accuracy: 0.0146, Intent Accuracy: 0.8049
Epoch [163/300], Loss: 217.3822, Val Loss: 238.2424, MAE: 6.7914, RMSE: 15.4328, Non-zero MAE: 21.4065, Non-zero RMSE: 32.3330, Sequence Accuracy: 0.4750, Non-zero Accuracy: 0.0144, Intent Accuracy: 0.8064
Epoch [164/300], Loss: 217.3428, Val Loss: 237.4057, MAE: 6.8223, RMSE: 15.4065, Non-zero MAE: 21.2927, Non-zero RMSE: 32.2138, Sequence Accuracy: 0.4753, Non-zero Accuracy: 0.0149, Intent Accuracy: 0.8328
Epoch [165/300], Loss: 215.9606, Val Loss: 237.0425, MAE: 6.8745, RMSE: 15.3961, Non-zero MAE: 21.1798, Non-zero RMSE: 32.0522, Sequence Accuracy: 0.4749, Non-zero Accuracy: 0.0145, Intent Accuracy: 0.8176
Epoch [166/300], Loss: 215.0549, Val Loss: 236.7252, MAE: 6.7078, RMSE: 15.3847, Non-zero MAE: 21.4577, Non-zero RMSE: 32.3395, Sequence Accuracy: 0.4771, Non-zero Accuracy: 0.0137, Intent Accuracy: 0.8299
Epoch [167/300], Loss: 215.1632, Val Loss: 235.0206, MAE: 6.7813, RMSE: 15.3291, Non-zero MAE: 21.2626, Non-zero RMSE: 32.0802, Sequence Accuracy: 0.4751, Non-zero Accuracy: 0.0143, Intent Accuracy: 0.8078
Epoch [168/300], Loss: 214.1787, Val Loss: 235.4746, MAE: 6.8972, RMSE: 15.3448, Non-zero MAE: 21.0456, Non-zero RMSE: 31.8457, Sequence Accuracy: 0.4728, Non-zero Accuracy: 0.0153, Intent Accuracy: 0.8324
Epoch [169/300], Loss: 213.6933, Val Loss: 233.8801, MAE: 6.7279, RMSE: 15.2923, Non-zero MAE: 21.2705, Non-zero RMSE: 32.0617, Sequence Accuracy: 0.4768, Non-zero Accuracy: 0.0144, Intent Accuracy: 0.8456
Epoch [170/300], Loss: 211.8764, Val Loss: 234.0061, MAE: 6.7873, RMSE: 15.2962, Non-zero MAE: 21.1696, Non-zero RMSE: 31.9357, Sequence Accuracy: 0.4751, Non-zero Accuracy: 0.0146, Intent Accuracy: 0.8255
Epoch [171/300], Loss: 211.2965, Val Loss: 233.0661, MAE: 6.7593, RMSE: 15.2656, Non-zero MAE: 21.1731, Non-zero RMSE: 31.9234, Sequence Accuracy: 0.4757, Non-zero Accuracy: 0.0146, Intent Accuracy: 0.8206
Epoch [172/300], Loss: 211.3597, Val Loss: 231.7100, MAE: 6.7075, RMSE: 15.2215, Non-zero MAE: 21.1580, Non-zero RMSE: 31.8996, Sequence Accuracy: 0.4757, Non-zero Accuracy: 0.0140, Intent Accuracy: 0.8348
Epoch [173/300], Loss: 209.6593, Val Loss: 231.9910, MAE: 6.6855, RMSE: 15.2312, Non-zero MAE: 21.1733, Non-zero RMSE: 31.9193, Sequence Accuracy: 0.4756, Non-zero Accuracy: 0.0136, Intent Accuracy: 0.8373
Epoch [174/300], Loss: 209.3122, Val Loss: 231.1600, MAE: 6.6528, RMSE: 15.2027, Non-zero MAE: 21.1604, Non-zero RMSE: 31.9210, Sequence Accuracy: 0.4739, Non-zero Accuracy: 0.0140, Intent Accuracy: 0.8255
Epoch [175/300], Loss: 207.2955, Val Loss: 230.9855, MAE: 6.6375, RMSE: 15.1993, Non-zero MAE: 21.1615, Non-zero RMSE: 31.9041, Sequence Accuracy: 0.4744, Non-zero Accuracy: 0.0139, Intent Accuracy: 0.8245
Epoch [176/300], Loss: 206.8082, Val Loss: 228.5175, MAE: 6.6855, RMSE: 15.1165, Non-zero MAE: 21.0044, Non-zero RMSE: 31.6622, Sequence Accuracy: 0.4730, Non-zero Accuracy: 0.0139, Intent Accuracy: 0.8348
Epoch [177/300], Loss: 207.3010, Val Loss: 228.8868, MAE: 6.6280, RMSE: 15.1290, Non-zero MAE: 21.0613, Non-zero RMSE: 31.7469, Sequence Accuracy: 0.4745, Non-zero Accuracy: 0.0141, Intent Accuracy: 0.8279
Epoch [178/300], Loss: 205.6424, Val Loss: 228.6540, MAE: 6.5792, RMSE: 15.1203, Non-zero MAE: 21.1110, Non-zero RMSE: 31.8097, Sequence Accuracy: 0.4757, Non-zero Accuracy: 0.0142, Intent Accuracy: 0.8108
Epoch [179/300], Loss: 205.4776, Val Loss: 226.6641, MAE: 6.6875, RMSE: 15.0534, Non-zero MAE: 20.9020, Non-zero RMSE: 31.4999, Sequence Accuracy: 0.4724, Non-zero Accuracy: 0.0142, Intent Accuracy: 0.8132
Epoch [180/300], Loss: 204.7678, Val Loss: 227.4101, MAE: 6.6004, RMSE: 15.0794, Non-zero MAE: 21.0009, Non-zero RMSE: 31.6436, Sequence Accuracy: 0.4739, Non-zero Accuracy: 0.0137, Intent Accuracy: 0.8181
Epoch [181/300], Loss: 203.7063, Val Loss: 226.4589, MAE: 6.5769, RMSE: 15.0475, Non-zero MAE: 20.9482, Non-zero RMSE: 31.6004, Sequence Accuracy: 0.4760, Non-zero Accuracy: 0.0144, Intent Accuracy: 0.8358
Epoch [182/300], Loss: 202.4470, Val Loss: 225.9179, MAE: 6.6338, RMSE: 15.0299, Non-zero MAE: 20.8169, Non-zero RMSE: 31.4391, Sequence Accuracy: 0.4724, Non-zero Accuracy: 0.0143, Intent Accuracy: 0.8216
Epoch [183/300], Loss: 202.0848, Val Loss: 225.3022, MAE: 6.6246, RMSE: 15.0098, Non-zero MAE: 20.8003, Non-zero RMSE: 31.3875, Sequence Accuracy: 0.4733, Non-zero Accuracy: 0.0144, Intent Accuracy: 0.8328
Epoch [184/300], Loss: 201.0127, Val Loss: 224.4676, MAE: 6.5767, RMSE: 14.9827, Non-zero MAE: 20.8322, Non-zero RMSE: 31.4143, Sequence Accuracy: 0.4732, Non-zero Accuracy: 0.0142, Intent Accuracy: 0.8225
Epoch [185/300], Loss: 201.8023, Val Loss: 224.2737, MAE: 6.5868, RMSE: 14.9755, Non-zero MAE: 20.7847, Non-zero RMSE: 31.3532, Sequence Accuracy: 0.4743, Non-zero Accuracy: 0.0141, Intent Accuracy: 0.8324
Epoch [186/300], Loss: 200.4511, Val Loss: 223.9520, MAE: 6.5129, RMSE: 14.9654, Non-zero MAE: 20.9334, Non-zero RMSE: 31.4691, Sequence Accuracy: 0.4769, Non-zero Accuracy: 0.0138, Intent Accuracy: 0.8279
Epoch [187/300], Loss: 199.3480, Val Loss: 222.3488, MAE: 6.5526, RMSE: 14.9115, Non-zero MAE: 20.7600, Non-zero RMSE: 31.2785, Sequence Accuracy: 0.4734, Non-zero Accuracy: 0.0139, Intent Accuracy: 0.8255
Epoch [188/300], Loss: 200.1989, Val Loss: 221.7269, MAE: 6.7084, RMSE: 14.8923, Non-zero MAE: 20.4898, Non-zero RMSE: 30.9461, Sequence Accuracy: 0.4706, Non-zero Accuracy: 0.0147, Intent Accuracy: 0.8387
Epoch [189/300], Loss: 199.9654, Val Loss: 222.2213, MAE: 6.5265, RMSE: 14.9074, Non-zero MAE: 20.7589, Non-zero RMSE: 31.2642, Sequence Accuracy: 0.4741, Non-zero Accuracy: 0.0137, Intent Accuracy: 0.8294
Epoch [190/300], Loss: 199.4736, Val Loss: 222.5979, MAE: 6.7166, RMSE: 14.9186, Non-zero MAE: 20.4753, Non-zero RMSE: 30.9150, Sequence Accuracy: 0.4705, Non-zero Accuracy: 0.0143, Intent Accuracy: 0.8373
Epoch [191/300], Loss: 198.0595, Val Loss: 220.8510, MAE: 6.4862, RMSE: 14.8611, Non-zero MAE: 20.7905, Non-zero RMSE: 31.2382, Sequence Accuracy: 0.4747, Non-zero Accuracy: 0.0140, Intent Accuracy: 0.8211
Epoch [192/300], Loss: 197.3710, Val Loss: 221.0915, MAE: 6.4741, RMSE: 14.8686, Non-zero MAE: 20.7381, Non-zero RMSE: 31.2343, Sequence Accuracy: 0.4781, Non-zero Accuracy: 0.0139, Intent Accuracy: 0.8108
Epoch [193/300], Loss: 197.6986, Val Loss: 220.3612, MAE: 6.5214, RMSE: 14.8451, Non-zero MAE: 20.6247, Non-zero RMSE: 31.0827, Sequence Accuracy: 0.4735, Non-zero Accuracy: 0.0141, Intent Accuracy: 0.8279
Epoch [194/300], Loss: 196.7274, Val Loss: 218.7467, MAE: 6.5395, RMSE: 14.7905, Non-zero MAE: 20.5476, Non-zero RMSE: 30.9546, Sequence Accuracy: 0.4733, Non-zero Accuracy: 0.0148, Intent Accuracy: 0.8304
Epoch [195/300], Loss: 195.6072, Val Loss: 218.7379, MAE: 6.5376, RMSE: 14.7912, Non-zero MAE: 20.5175, Non-zero RMSE: 30.9132, Sequence Accuracy: 0.4731, Non-zero Accuracy: 0.0148, Intent Accuracy: 0.8255
Epoch [196/300], Loss: 196.3431, Val Loss: 218.6180, MAE: 6.4830, RMSE: 14.7864, Non-zero MAE: 20.5988, Non-zero RMSE: 31.0006, Sequence Accuracy: 0.4733, Non-zero Accuracy: 0.0146, Intent Accuracy: 0.8181
Epoch [197/300], Loss: 195.9695, Val Loss: 217.9993, MAE: 6.5883, RMSE: 14.7650, Non-zero MAE: 20.4394, Non-zero RMSE: 30.7667, Sequence Accuracy: 0.4750, Non-zero Accuracy: 0.0141, Intent Accuracy: 0.8235
Epoch [198/300], Loss: 194.2312, Val Loss: 216.8562, MAE: 6.5642, RMSE: 14.7266, Non-zero MAE: 20.4252, Non-zero RMSE: 30.7302, Sequence Accuracy: 0.4727, Non-zero Accuracy: 0.0149, Intent Accuracy: 0.8314
Epoch [199/300], Loss: 194.6103, Val Loss: 217.9823, MAE: 6.3977, RMSE: 14.7644, Non-zero MAE: 20.6960, Non-zero RMSE: 31.0530, Sequence Accuracy: 0.4769, Non-zero Accuracy: 0.0139, Intent Accuracy: 0.8495
Epoch [200/300], Loss: 193.9786, Val Loss: 216.4077, MAE: 6.5213, RMSE: 14.7118, Non-zero MAE: 20.5020, Non-zero RMSE: 30.7499, Sequence Accuracy: 0.4751, Non-zero Accuracy: 0.0139, Intent Accuracy: 0.8309
Epoch [201/300], Loss: 193.4687, Val Loss: 216.0724, MAE: 6.5277, RMSE: 14.7011, Non-zero MAE: 20.4407, Non-zero RMSE: 30.7057, Sequence Accuracy: 0.4733, Non-zero Accuracy: 0.0142, Intent Accuracy: 0.8265
Epoch [202/300], Loss: 193.8722, Val Loss: 216.3710, MAE: 6.4582, RMSE: 14.7091, Non-zero MAE: 20.5218, Non-zero RMSE: 30.8313, Sequence Accuracy: 0.4741, Non-zero Accuracy: 0.0138, Intent Accuracy: 0.8230
Epoch [203/300], Loss: 193.5250, Val Loss: 215.8679, MAE: 6.4816, RMSE: 14.6942, Non-zero MAE: 20.4475, Non-zero RMSE: 30.7128, Sequence Accuracy: 0.4758, Non-zero Accuracy: 0.0139, Intent Accuracy: 0.8515
Epoch [204/300], Loss: 193.2656, Val Loss: 215.7627, MAE: 6.4184, RMSE: 14.6894, Non-zero MAE: 20.5456, Non-zero RMSE: 30.8132, Sequence Accuracy: 0.4757, Non-zero Accuracy: 0.0143, Intent Accuracy: 0.8275
Epoch [205/300], Loss: 193.1880, Val Loss: 215.3975, MAE: 6.4856, RMSE: 14.6778, Non-zero MAE: 20.3876, Non-zero RMSE: 30.6344, Sequence Accuracy: 0.4790, Non-zero Accuracy: 0.0145, Intent Accuracy: 0.8510
Epoch [206/300], Loss: 192.3172, Val Loss: 215.3230, MAE: 6.5096, RMSE: 14.6731, Non-zero MAE: 20.3980, Non-zero RMSE: 30.6181, Sequence Accuracy: 0.4738, Non-zero Accuracy: 0.0136, Intent Accuracy: 0.8250
Epoch [207/300], Loss: 192.0631, Val Loss: 214.2269, MAE: 6.3867, RMSE: 14.6375, Non-zero MAE: 20.5515, Non-zero RMSE: 30.7395, Sequence Accuracy: 0.4766, Non-zero Accuracy: 0.0136, Intent Accuracy: 0.8304
Epoch [208/300], Loss: 192.7053, Val Loss: 213.3343, MAE: 6.4790, RMSE: 14.6073, Non-zero MAE: 20.3462, Non-zero RMSE: 30.5099, Sequence Accuracy: 0.4745, Non-zero Accuracy: 0.0139, Intent Accuracy: 0.8417
Epoch [209/300], Loss: 191.9301, Val Loss: 214.2888, MAE: 6.3517, RMSE: 14.6391, Non-zero MAE: 20.5876, Non-zero RMSE: 30.7621, Sequence Accuracy: 0.4837, Non-zero Accuracy: 0.0140, Intent Accuracy: 0.8245
Epoch [210/300], Loss: 191.0815, Val Loss: 213.6921, MAE: 6.3224, RMSE: 14.6199, Non-zero MAE: 20.5994, Non-zero RMSE: 30.7728, Sequence Accuracy: 0.4839, Non-zero Accuracy: 0.0133, Intent Accuracy: 0.8387
Epoch [211/300], Loss: 190.7304, Val Loss: 213.2487, MAE: 6.3429, RMSE: 14.6039, Non-zero MAE: 20.5694, Non-zero RMSE: 30.7167, Sequence Accuracy: 0.4786, Non-zero Accuracy: 0.0137, Intent Accuracy: 0.8343
Epoch [212/300], Loss: 190.4960, Val Loss: 212.6044, MAE: 6.3994, RMSE: 14.5816, Non-zero MAE: 20.4305, Non-zero RMSE: 30.5675, Sequence Accuracy: 0.4759, Non-zero Accuracy: 0.0134, Intent Accuracy: 0.8304
Epoch [213/300], Loss: 190.8124, Val Loss: 212.4864, MAE: 6.4511, RMSE: 14.5771, Non-zero MAE: 20.3227, Non-zero RMSE: 30.4282, Sequence Accuracy: 0.4756, Non-zero Accuracy: 0.0137, Intent Accuracy: 0.8387
Epoch [214/300], Loss: 190.9856, Val Loss: 212.3087, MAE: 6.2862, RMSE: 14.5726, Non-zero MAE: 20.6129, Non-zero RMSE: 30.7411, Sequence Accuracy: 0.4788, Non-zero Accuracy: 0.0134, Intent Accuracy: 0.8294
Epoch [215/300], Loss: 190.2947, Val Loss: 211.7845, MAE: 6.3732, RMSE: 14.5529, Non-zero MAE: 20.4119, Non-zero RMSE: 30.5179, Sequence Accuracy: 0.4770, Non-zero Accuracy: 0.0136, Intent Accuracy: 0.8333
Epoch [216/300], Loss: 189.4700, Val Loss: 211.1219, MAE: 6.4212, RMSE: 14.5317, Non-zero MAE: 20.3376, Non-zero RMSE: 30.3865, Sequence Accuracy: 0.4787, Non-zero Accuracy: 0.0134, Intent Accuracy: 0.8289
Epoch [217/300], Loss: 189.4580, Val Loss: 211.1824, MAE: 6.3108, RMSE: 14.5326, Non-zero MAE: 20.4727, Non-zero RMSE: 30.5418, Sequence Accuracy: 0.4794, Non-zero Accuracy: 0.0135, Intent Accuracy: 0.8348
Epoch [218/300], Loss: 189.5745, Val Loss: 210.3148, MAE: 6.4108, RMSE: 14.5034, Non-zero MAE: 20.2835, Non-zero RMSE: 30.3270, Sequence Accuracy: 0.4757, Non-zero Accuracy: 0.0146, Intent Accuracy: 0.8377
Epoch [219/300], Loss: 189.6067, Val Loss: 209.6182, MAE: 6.4190, RMSE: 14.4793, Non-zero MAE: 20.2896, Non-zero RMSE: 30.2872, Sequence Accuracy: 0.4765, Non-zero Accuracy: 0.0136, Intent Accuracy: 0.8353
Epoch [220/300], Loss: 188.3020, Val Loss: 210.1784, MAE: 6.4497, RMSE: 14.4985, Non-zero MAE: 20.2067, Non-zero RMSE: 30.2273, Sequence Accuracy: 0.4753, Non-zero Accuracy: 0.0134, Intent Accuracy: 0.8377
Epoch [221/300], Loss: 188.6322, Val Loss: 210.6440, MAE: 6.2999, RMSE: 14.5147, Non-zero MAE: 20.4138, Non-zero RMSE: 30.4810, Sequence Accuracy: 0.4812, Non-zero Accuracy: 0.0132, Intent Accuracy: 0.8309
Epoch [222/300], Loss: 188.7388, Val Loss: 210.0312, MAE: 6.3207, RMSE: 14.4928, Non-zero MAE: 20.3914, Non-zero RMSE: 30.4199, Sequence Accuracy: 0.4772, Non-zero Accuracy: 0.0132, Intent Accuracy: 0.8289
Epoch [223/300], Loss: 188.0264, Val Loss: 208.7746, MAE: 6.3926, RMSE: 14.4502, Non-zero MAE: 20.2804, Non-zero RMSE: 30.2173, Sequence Accuracy: 0.4769, Non-zero Accuracy: 0.0130, Intent Accuracy: 0.8417
Epoch [224/300], Loss: 188.1327, Val Loss: 208.7391, MAE: 6.3715, RMSE: 14.4485, Non-zero MAE: 20.2412, Non-zero RMSE: 30.2075, Sequence Accuracy: 0.4761, Non-zero Accuracy: 0.0133, Intent Accuracy: 0.8363
Epoch [225/300], Loss: 188.0716, Val Loss: 208.3679, MAE: 6.3199, RMSE: 14.4361, Non-zero MAE: 20.3557, Non-zero RMSE: 30.2925, Sequence Accuracy: 0.4775, Non-zero Accuracy: 0.0127, Intent Accuracy: 0.8436
Epoch [226/300], Loss: 187.6313, Val Loss: 208.4685, MAE: 6.5000, RMSE: 14.4410, Non-zero MAE: 20.0241, Non-zero RMSE: 29.9734, Sequence Accuracy: 0.4745, Non-zero Accuracy: 0.0137, Intent Accuracy: 0.8368
Epoch [227/300], Loss: 187.3973, Val Loss: 209.8458, MAE: 6.3714, RMSE: 14.4868, Non-zero MAE: 20.2894, Non-zero RMSE: 30.2409, Sequence Accuracy: 0.4815, Non-zero Accuracy: 0.0137, Intent Accuracy: 0.8216
Epoch [228/300], Loss: 186.3552, Val Loss: 207.7621, MAE: 6.4273, RMSE: 14.4152, Non-zero MAE: 20.1317, Non-zero RMSE: 30.0316, Sequence Accuracy: 0.4756, Non-zero Accuracy: 0.0131, Intent Accuracy: 0.8358
Epoch [229/300], Loss: 188.4094, Val Loss: 207.5967, MAE: 6.3247, RMSE: 14.4093, Non-zero MAE: 20.2900, Non-zero RMSE: 30.2005, Sequence Accuracy: 0.4775, Non-zero Accuracy: 0.0129, Intent Accuracy: 0.8319
Epoch [230/300], Loss: 187.2448, Val Loss: 208.0784, MAE: 6.3696, RMSE: 14.4256, Non-zero MAE: 20.2079, Non-zero RMSE: 30.1285, Sequence Accuracy: 0.4772, Non-zero Accuracy: 0.0135, Intent Accuracy: 0.8328
Epoch [231/300], Loss: 186.0255, Val Loss: 207.7928, MAE: 6.2439, RMSE: 14.4161, Non-zero MAE: 20.3729, Non-zero RMSE: 30.3017, Sequence Accuracy: 0.4820, Non-zero Accuracy: 0.0131, Intent Accuracy: 0.8319
Epoch [232/300], Loss: 186.8853, Val Loss: 206.9913, MAE: 6.2625, RMSE: 14.3877, Non-zero MAE: 20.3206, Non-zero RMSE: 30.2160, Sequence Accuracy: 0.4819, Non-zero Accuracy: 0.0127, Intent Accuracy: 0.8363
Epoch [233/300], Loss: 186.4062, Val Loss: 206.4622, MAE: 6.2262, RMSE: 14.3699, Non-zero MAE: 20.4062, Non-zero RMSE: 30.2560, Sequence Accuracy: 0.4799, Non-zero Accuracy: 0.0121, Intent Accuracy: 0.8456
Epoch [234/300], Loss: 186.1218, Val Loss: 207.1848, MAE: 6.2393, RMSE: 14.3947, Non-zero MAE: 20.3310, Non-zero RMSE: 30.2434, Sequence Accuracy: 0.4868, Non-zero Accuracy: 0.0128, Intent Accuracy: 0.8338
Epoch [235/300], Loss: 184.9118, Val Loss: 206.4066, MAE: 6.4147, RMSE: 14.3675, Non-zero MAE: 20.0827, Non-zero RMSE: 29.9105, Sequence Accuracy: 0.4768, Non-zero Accuracy: 0.0131, Intent Accuracy: 0.8382
Epoch [236/300], Loss: 185.2555, Val Loss: 207.4010, MAE: 6.2771, RMSE: 14.4033, Non-zero MAE: 20.2743, Non-zero RMSE: 30.1765, Sequence Accuracy: 0.4803, Non-zero Accuracy: 0.0135, Intent Accuracy: 0.8397
Epoch [237/300], Loss: 185.7229, Val Loss: 206.3661, MAE: 6.3298, RMSE: 14.3672, Non-zero MAE: 20.2223, Non-zero RMSE: 30.0284, Sequence Accuracy: 0.4830, Non-zero Accuracy: 0.0130, Intent Accuracy: 0.8392
Epoch [238/300], Loss: 185.3391, Val Loss: 205.9353, MAE: 6.3721, RMSE: 14.3515, Non-zero MAE: 20.0692, Non-zero RMSE: 29.9187, Sequence Accuracy: 0.4765, Non-zero Accuracy: 0.0137, Intent Accuracy: 0.8422
Epoch [239/300], Loss: 185.2317, Val Loss: 205.2576, MAE: 6.3416, RMSE: 14.3282, Non-zero MAE: 20.1371, Non-zero RMSE: 29.9169, Sequence Accuracy: 0.4787, Non-zero Accuracy: 0.0132, Intent Accuracy: 0.8417
Epoch [240/300], Loss: 184.8925, Val Loss: 205.4195, MAE: 6.2415, RMSE: 14.3332, Non-zero MAE: 20.2586, Non-zero RMSE: 30.0742, Sequence Accuracy: 0.4791, Non-zero Accuracy: 0.0127, Intent Accuracy: 0.8358
Epoch [241/300], Loss: 184.5133, Val Loss: 204.7318, MAE: 6.3659, RMSE: 14.3114, Non-zero MAE: 20.0348, Non-zero RMSE: 29.8183, Sequence Accuracy: 0.4801, Non-zero Accuracy: 0.0136, Intent Accuracy: 0.8441
Epoch [242/300], Loss: 184.7615, Val Loss: 205.1472, MAE: 6.2471, RMSE: 14.3236, Non-zero MAE: 20.1991, Non-zero RMSE: 30.0239, Sequence Accuracy: 0.4812, Non-zero Accuracy: 0.0132, Intent Accuracy: 0.8309
Epoch [243/300], Loss: 184.2062, Val Loss: 203.9567, MAE: 6.3666, RMSE: 14.2828, Non-zero MAE: 20.0391, Non-zero RMSE: 29.7711, Sequence Accuracy: 0.4776, Non-zero Accuracy: 0.0135, Intent Accuracy: 0.8588
Epoch [244/300], Loss: 184.2519, Val Loss: 204.3053, MAE: 6.2418, RMSE: 14.2952, Non-zero MAE: 20.2039, Non-zero RMSE: 29.9906, Sequence Accuracy: 0.4821, Non-zero Accuracy: 0.0131, Intent Accuracy: 0.8686
Epoch [245/300], Loss: 184.2348, Val Loss: 203.7430, MAE: 6.3467, RMSE: 14.2748, Non-zero MAE: 20.0987, Non-zero RMSE: 29.7961, Sequence Accuracy: 0.4780, Non-zero Accuracy: 0.0126, Intent Accuracy: 0.8431
Epoch [246/300], Loss: 184.2104, Val Loss: 204.4486, MAE: 6.2412, RMSE: 14.2983, Non-zero MAE: 20.1705, Non-zero RMSE: 29.9479, Sequence Accuracy: 0.4818, Non-zero Accuracy: 0.0129, Intent Accuracy: 0.8456
Epoch [247/300], Loss: 183.5909, Val Loss: 204.0527, MAE: 6.2069, RMSE: 14.2864, Non-zero MAE: 20.2395, Non-zero RMSE: 29.9933, Sequence Accuracy: 0.4839, Non-zero Accuracy: 0.0126, Intent Accuracy: 0.8333
Epoch [248/300], Loss: 182.8785, Val Loss: 204.1535, MAE: 6.1891, RMSE: 14.2899, Non-zero MAE: 20.2776, Non-zero RMSE: 30.0190, Sequence Accuracy: 0.4860, Non-zero Accuracy: 0.0123, Intent Accuracy: 0.8456
Epoch [249/300], Loss: 183.4424, Val Loss: 203.7281, MAE: 6.1230, RMSE: 14.2751, Non-zero MAE: 20.3887, Non-zero RMSE: 30.1068, Sequence Accuracy: 0.4866, Non-zero Accuracy: 0.0120, Intent Accuracy: 0.8407
Epoch [250/300], Loss: 183.7784, Val Loss: 203.2022, MAE: 6.2366, RMSE: 14.2567, Non-zero MAE: 20.1672, Non-zero RMSE: 29.8708, Sequence Accuracy: 0.4796, Non-zero Accuracy: 0.0131, Intent Accuracy: 0.8407
Epoch [251/300], Loss: 183.8945, Val Loss: 203.4208, MAE: 6.3135, RMSE: 14.2636, Non-zero MAE: 20.0164, Non-zero RMSE: 29.7380, Sequence Accuracy: 0.4786, Non-zero Accuracy: 0.0134, Intent Accuracy: 0.8402
Epoch [252/300], Loss: 182.2947, Val Loss: 202.8497, MAE: 6.2022, RMSE: 14.2437, Non-zero MAE: 20.2190, Non-zero RMSE: 29.8941, Sequence Accuracy: 0.4821, Non-zero Accuracy: 0.0125, Intent Accuracy: 0.8515
Epoch [253/300], Loss: 182.9476, Val Loss: 202.4441, MAE: 6.1722, RMSE: 14.2297, Non-zero MAE: 20.2701, Non-zero RMSE: 29.9376, Sequence Accuracy: 0.4810, Non-zero Accuracy: 0.0124, Intent Accuracy: 0.8456
Epoch [254/300], Loss: 182.5079, Val Loss: 203.1430, MAE: 6.1414, RMSE: 14.2540, Non-zero MAE: 20.2817, Non-zero RMSE: 29.9814, Sequence Accuracy: 0.4854, Non-zero Accuracy: 0.0125, Intent Accuracy: 0.8358
Epoch [255/300], Loss: 182.0030, Val Loss: 202.5664, MAE: 6.1747, RMSE: 14.2337, Non-zero MAE: 20.1952, Non-zero RMSE: 29.8697, Sequence Accuracy: 0.4825, Non-zero Accuracy: 0.0127, Intent Accuracy: 0.8431
Epoch [256/300], Loss: 183.4577, Val Loss: 202.0709, MAE: 6.1478, RMSE: 14.2166, Non-zero MAE: 20.2929, Non-zero RMSE: 29.9183, Sequence Accuracy: 0.4843, Non-zero Accuracy: 0.0125, Intent Accuracy: 0.8485
Epoch [257/300], Loss: 182.6578, Val Loss: 201.6535, MAE: 6.1749, RMSE: 14.2011, Non-zero MAE: 20.2517, Non-zero RMSE: 29.8674, Sequence Accuracy: 0.4847, Non-zero Accuracy: 0.0128, Intent Accuracy: 0.8446
Epoch [258/300], Loss: 182.4661, Val Loss: 202.3980, MAE: 6.2415, RMSE: 14.2271, Non-zero MAE: 20.0772, Non-zero RMSE: 29.7453, Sequence Accuracy: 0.4809, Non-zero Accuracy: 0.0130, Intent Accuracy: 0.8392
Epoch [259/300], Loss: 182.3469, Val Loss: 201.1770, MAE: 6.2218, RMSE: 14.1854, Non-zero MAE: 20.1258, Non-zero RMSE: 29.7343, Sequence Accuracy: 0.4822, Non-zero Accuracy: 0.0127, Intent Accuracy: 0.8377
Epoch [260/300], Loss: 182.5635, Val Loss: 201.2038, MAE: 6.2199, RMSE: 14.1864, Non-zero MAE: 20.0715, Non-zero RMSE: 29.7121, Sequence Accuracy: 0.4795, Non-zero Accuracy: 0.0127, Intent Accuracy: 0.8397
Epoch [261/300], Loss: 180.8766, Val Loss: 202.2265, MAE: 6.1171, RMSE: 14.2219, Non-zero MAE: 20.2580, Non-zero RMSE: 29.9139, Sequence Accuracy: 0.4873, Non-zero Accuracy: 0.0124, Intent Accuracy: 0.8422
Epoch [262/300], Loss: 180.8555, Val Loss: 201.0874, MAE: 6.1364, RMSE: 14.1816, Non-zero MAE: 20.2140, Non-zero RMSE: 29.8369, Sequence Accuracy: 0.4837, Non-zero Accuracy: 0.0126, Intent Accuracy: 0.8294
Epoch [263/300], Loss: 182.0925, Val Loss: 201.9159, MAE: 6.1353, RMSE: 14.2113, Non-zero MAE: 20.2231, Non-zero RMSE: 29.8407, Sequence Accuracy: 0.4871, Non-zero Accuracy: 0.0122, Intent Accuracy: 0.8510
Epoch [264/300], Loss: 181.6043, Val Loss: 200.1417, MAE: 6.3073, RMSE: 14.1491, Non-zero MAE: 19.9213, Non-zero RMSE: 29.4812, Sequence Accuracy: 0.4787, Non-zero Accuracy: 0.0133, Intent Accuracy: 0.8495
Epoch [265/300], Loss: 181.3492, Val Loss: 200.1542, MAE: 6.2338, RMSE: 14.1486, Non-zero MAE: 20.0305, Non-zero RMSE: 29.5996, Sequence Accuracy: 0.4821, Non-zero Accuracy: 0.0128, Intent Accuracy: 0.8426
Epoch [266/300], Loss: 181.6749, Val Loss: 200.1361, MAE: 6.2280, RMSE: 14.1479, Non-zero MAE: 19.9818, Non-zero RMSE: 29.5658, Sequence Accuracy: 0.4828, Non-zero Accuracy: 0.0131, Intent Accuracy: 0.8466
Epoch [267/300], Loss: 181.1790, Val Loss: 200.3362, MAE: 6.1385, RMSE: 14.1543, Non-zero MAE: 20.1669, Non-zero RMSE: 29.7267, Sequence Accuracy: 0.4832, Non-zero Accuracy: 0.0122, Intent Accuracy: 0.8456
Epoch [268/300], Loss: 181.1468, Val Loss: 200.5475, MAE: 6.0903, RMSE: 14.1626, Non-zero MAE: 20.2305, Non-zero RMSE: 29.7965, Sequence Accuracy: 0.4860, Non-zero Accuracy: 0.0122, Intent Accuracy: 0.8422
Epoch [269/300], Loss: 180.1163, Val Loss: 200.2165, MAE: 6.0533, RMSE: 14.1510, Non-zero MAE: 20.3055, Non-zero RMSE: 29.8556, Sequence Accuracy: 0.4892, Non-zero Accuracy: 0.0121, Intent Accuracy: 0.8505
Epoch [270/300], Loss: 180.3751, Val Loss: 199.5356, MAE: 6.2279, RMSE: 14.1270, Non-zero MAE: 19.9871, Non-zero RMSE: 29.5217, Sequence Accuracy: 0.4791, Non-zero Accuracy: 0.0131, Intent Accuracy: 0.8446
Epoch [271/300], Loss: 180.0941, Val Loss: 199.6672, MAE: 6.2040, RMSE: 14.1310, Non-zero MAE: 20.0091, Non-zero RMSE: 29.5412, Sequence Accuracy: 0.4795, Non-zero Accuracy: 0.0125, Intent Accuracy: 0.8373
Epoch [272/300], Loss: 180.3415, Val Loss: 200.5477, MAE: 6.0712, RMSE: 14.1630, Non-zero MAE: 20.2188, Non-zero RMSE: 29.7958, Sequence Accuracy: 0.4931, Non-zero Accuracy: 0.0124, Intent Accuracy: 0.8417
Epoch [273/300], Loss: 180.2463, Val Loss: 198.7654, MAE: 6.2890, RMSE: 14.0989, Non-zero MAE: 19.8652, Non-zero RMSE: 29.3494, Sequence Accuracy: 0.4786, Non-zero Accuracy: 0.0129, Intent Accuracy: 0.8485
Epoch [274/300], Loss: 180.2748, Val Loss: 199.3205, MAE: 6.1043, RMSE: 14.1197, Non-zero MAE: 20.1246, Non-zero RMSE: 29.6557, Sequence Accuracy: 0.4857, Non-zero Accuracy: 0.0126, Intent Accuracy: 0.8426
Epoch [275/300], Loss: 180.1747, Val Loss: 199.7798, MAE: 6.0568, RMSE: 14.1358, Non-zero MAE: 20.2425, Non-zero RMSE: 29.7606, Sequence Accuracy: 0.4904, Non-zero Accuracy: 0.0123, Intent Accuracy: 0.8412
Epoch [276/300], Loss: 179.3064, Val Loss: 198.6770, MAE: 6.2080, RMSE: 14.0975, Non-zero MAE: 19.9989, Non-zero RMSE: 29.4807, Sequence Accuracy: 0.4802, Non-zero Accuracy: 0.0125, Intent Accuracy: 0.8397
Epoch [277/300], Loss: 179.2872, Val Loss: 198.5680, MAE: 6.0993, RMSE: 14.0924, Non-zero MAE: 20.1536, Non-zero RMSE: 29.6241, Sequence Accuracy: 0.4845, Non-zero Accuracy: 0.0127, Intent Accuracy: 0.8397
Epoch [278/300], Loss: 179.4542, Val Loss: 198.5501, MAE: 6.0134, RMSE: 14.0920, Non-zero MAE: 20.2878, Non-zero RMSE: 29.7534, Sequence Accuracy: 0.4905, Non-zero Accuracy: 0.0123, Intent Accuracy: 0.8373
Epoch [279/300], Loss: 178.5890, Val Loss: 198.9571, MAE: 6.0510, RMSE: 14.1062, Non-zero MAE: 20.2070, Non-zero RMSE: 29.6965, Sequence Accuracy: 0.4904, Non-zero Accuracy: 0.0123, Intent Accuracy: 0.8412
Epoch [280/300], Loss: 179.3936, Val Loss: 198.6334, MAE: 6.1599, RMSE: 14.0950, Non-zero MAE: 19.9932, Non-zero RMSE: 29.4884, Sequence Accuracy: 0.4805, Non-zero Accuracy: 0.0129, Intent Accuracy: 0.8392
Epoch [281/300], Loss: 179.1075, Val Loss: 197.3958, MAE: 6.0857, RMSE: 14.0513, Non-zero MAE: 20.1409, Non-zero RMSE: 29.5536, Sequence Accuracy: 0.4858, Non-zero Accuracy: 0.0121, Intent Accuracy: 0.8461
Epoch [282/300], Loss: 180.5035, Val Loss: 198.1410, MAE: 6.0811, RMSE: 14.0774, Non-zero MAE: 20.1230, Non-zero RMSE: 29.5831, Sequence Accuracy: 0.4875, Non-zero Accuracy: 0.0122, Intent Accuracy: 0.8461
Epoch [283/300], Loss: 177.9457, Val Loss: 198.5783, MAE: 6.0551, RMSE: 14.0927, Non-zero MAE: 20.1413, Non-zero RMSE: 29.6282, Sequence Accuracy: 0.4911, Non-zero Accuracy: 0.0128, Intent Accuracy: 0.8431
Epoch [284/300], Loss: 178.9225, Val Loss: 198.0163, MAE: 6.0951, RMSE: 14.0729, Non-zero MAE: 20.0967, Non-zero RMSE: 29.5219, Sequence Accuracy: 0.4838, Non-zero Accuracy: 0.0123, Intent Accuracy: 0.8353
Epoch [285/300], Loss: 179.4893, Val Loss: 196.9864, MAE: 6.1266, RMSE: 14.0356, Non-zero MAE: 19.9900, Non-zero RMSE: 29.4195, Sequence Accuracy: 0.4824, Non-zero Accuracy: 0.0128, Intent Accuracy: 0.8480
Epoch [286/300], Loss: 178.8949, Val Loss: 197.4977, MAE: 6.0850, RMSE: 14.0542, Non-zero MAE: 20.0534, Non-zero RMSE: 29.5010, Sequence Accuracy: 0.4873, Non-zero Accuracy: 0.0125, Intent Accuracy: 0.8436
Epoch [287/300], Loss: 178.7532, Val Loss: 197.0846, MAE: 6.0497, RMSE: 14.0400, Non-zero MAE: 20.1674, Non-zero RMSE: 29.5586, Sequence Accuracy: 0.4849, Non-zero Accuracy: 0.0117, Intent Accuracy: 0.8515
Epoch [288/300], Loss: 178.8617, Val Loss: 197.5813, MAE: 5.9991, RMSE: 14.0582, Non-zero MAE: 20.2527, Non-zero RMSE: 29.6471, Sequence Accuracy: 0.4913, Non-zero Accuracy: 0.0116, Intent Accuracy: 0.8461
Epoch [289/300], Loss: 178.0574, Val Loss: 198.0075, MAE: 6.0524, RMSE: 14.0737, Non-zero MAE: 20.1481, Non-zero RMSE: 29.5600, Sequence Accuracy: 0.4934, Non-zero Accuracy: 0.0124, Intent Accuracy: 0.8436
Epoch [290/300], Loss: 178.5191, Val Loss: 196.1991, MAE: 6.2041, RMSE: 14.0089, Non-zero MAE: 19.8556, Non-zero RMSE: 29.2226, Sequence Accuracy: 0.4800, Non-zero Accuracy: 0.0128, Intent Accuracy: 0.8466
Epoch [291/300], Loss: 178.2534, Val Loss: 196.5871, MAE: 6.0789, RMSE: 14.0223, Non-zero MAE: 20.0385, Non-zero RMSE: 29.4343, Sequence Accuracy: 0.4840, Non-zero Accuracy: 0.0125, Intent Accuracy: 0.8686
Epoch [292/300], Loss: 179.5037, Val Loss: 196.4718, MAE: 6.1081, RMSE: 14.0184, Non-zero MAE: 19.9899, Non-zero RMSE: 29.3887, Sequence Accuracy: 0.4821, Non-zero Accuracy: 0.0123, Intent Accuracy: 0.8436
Epoch [293/300], Loss: 178.4265, Val Loss: 196.2163, MAE: 6.1727, RMSE: 14.0098, Non-zero MAE: 19.9011, Non-zero RMSE: 29.2602, Sequence Accuracy: 0.4823, Non-zero Accuracy: 0.0124, Intent Accuracy: 0.8461
Epoch [294/300], Loss: 178.3087, Val Loss: 195.6859, MAE: 6.1763, RMSE: 13.9894, Non-zero MAE: 19.8797, Non-zero RMSE: 29.2215, Sequence Accuracy: 0.4792, Non-zero Accuracy: 0.0125, Intent Accuracy: 0.8377
Epoch [295/300], Loss: 178.6276, Val Loss: 195.7581, MAE: 6.1485, RMSE: 13.9925, Non-zero MAE: 19.9768, Non-zero RMSE: 29.3061, Sequence Accuracy: 0.4830, Non-zero Accuracy: 0.0120, Intent Accuracy: 0.8441
Epoch [296/300], Loss: 178.2371, Val Loss: 196.8310, MAE: 5.9612, RMSE: 14.0310, Non-zero MAE: 20.2246, Non-zero RMSE: 29.6055, Sequence Accuracy: 0.4966, Non-zero Accuracy: 0.0121, Intent Accuracy: 0.8431
Epoch [297/300], Loss: 177.4906, Val Loss: 196.5753, MAE: 6.1072, RMSE: 14.0225, Non-zero MAE: 20.0057, Non-zero RMSE: 29.3510, Sequence Accuracy: 0.4843, Non-zero Accuracy: 0.0122, Intent Accuracy: 0.8412
Epoch [298/300], Loss: 177.4655, Val Loss: 195.8223, MAE: 6.0832, RMSE: 13.9947, Non-zero MAE: 20.0080, Non-zero RMSE: 29.3332, Sequence Accuracy: 0.4820, Non-zero Accuracy: 0.0123, Intent Accuracy: 0.8392
Epoch [299/300], Loss: 178.1323, Val Loss: 195.7173, MAE: 6.0594, RMSE: 13.9914, Non-zero MAE: 20.0373, Non-zero RMSE: 29.3663, Sequence Accuracy: 0.4833, Non-zero Accuracy: 0.0121, Intent Accuracy: 0.8495
Epoch [300/300], Loss: 177.5913, Val Loss: 195.3267, MAE: 6.0327, RMSE: 13.9763, Non-zero MAE: 20.0751, Non-zero RMSE: 29.3847, Sequence Accuracy: 0.4863, Non-zero Accuracy: 0.0119, Intent Accuracy: 0.8368
Best model saved as './training_results_final/rnn_best_model.pth'
Test Results - Loss: 220.0414, MAE: 6.2134, RMSE: 14.5868, Non-zero MAE: 21.1379, Non-zero RMSE: 31.1802, Sequence Accuracy: 0.4806, Non-zero Accuracy: 0.0114, Intent Accuracy: 0.8063
